<?xml version="1.0" ?>
<coverage version="7.15.0" timestamp="1783005648471" lines-valid="9880" lines-covered="2472" line-rate="0.2502" branches-valid="2574" branches-covered="87" branch-rate="0.0338" complexity="0">
	<!-- Generated by coverage.py: https://coverage.readthedocs.io/en/7.15.0 -->
	<!-- Based on https://raw.githubusercontent.com/cobertura/web/master/htdocs/xml/coverage-04.dtd -->
	<sources>
		<source>advanced_alchemy</source>
	</sources>
	<packages>
		<package name="." line-rate="0.3621" branch-rate="0.03552" complexity="0">
			<classes>
				<class name="__init__.py" filename="__init__.py" complexity="0" line-rate="1" branch-rate="1">
					<methods/>
					<lines>
						<line number="1" hits="1"/>
						<line number="16" hits="1"/>
						<line number="18" hits="1"/>
					</lines>
				</class>
				<class name="__main__.py" filename="__main__.py" complexity="0" line-rate="0" branch-rate="1">
					<methods/>
					<lines>
						<line number="1" hits="0"/>
					</lines>
				</class>
				<class name="__metadata__.py" filename="__metadata__.py" complexity="0" line-rate="1" branch-rate="1">
					<methods/>
					<lines/>
				</class>
				<class name="_listeners.py" filename="_listeners.py" complexity="0" line-rate="0.209" branch-rate="0">
					<methods/>
					<lines>
						<line number="4" hits="1"/>
						<line number="5" hits="1"/>
						<line number="6" hits="1"/>
						<line number="7" hits="1"/>
						<line number="9" hits="1"/>
						<line number="10" hits="1"/>
						<line number="12" hits="1"/>
						<line number="13" hits="1"/>
						<line number="23" hits="1"/>
						<line number="24" hits="1"/>
						<line number="25" hits="1"/>
						<line number="26" hits="1"/>
						<line number="28" hits="1"/>
						<line number="29" hits="1"/>
						<line number="32" hits="1"/>
						<line number="48" hits="0"/>
						<line number="50" hits="0"/>
						<line number="51" hits="0" branch="true" condition-coverage="0% (0/2)" missing-branches="52,55"/>
						<line number="52" hits="0"/>
						<line number="53" hits="0"/>
						<line number="54" hits="0"/>
						<line number="55" hits="0"/>
						<line number="58" hits="1"/>
						<line number="61" hits="1"/>
						<line number="74" hits="0"/>
						<line number="76" hits="0"/>
						<line number="77" hits="0" branch="true" condition-coverage="0% (0/2)" missing-branches="78,80"/>
						<line number="78" hits="0"/>
						<line number="80" hits="0"/>
						<line number="81" hits="0" branch="true" condition-coverage="0% (0/2)" missing-branches="82,86"/>
						<line number="82" hits="0"/>
						<line number="83" hits="0"/>
						<line number="84" hits="0" branch="true" condition-coverage="0% (0/2)" missing-branches="85,86"/>
						<line number="85" hits="0"/>
						<line number="86" hits="0"/>
						<line number="88" hits="0" branch="true" condition-coverage="0% (0/2)" missing-branches="89,107"/>
						<line number="89" hits="0" branch="true" condition-coverage="0% (0/2)" missing-branches="90,92"/>
						<line number="90" hits="0"/>
						<line number="92" hits="0"/>
						<line number="93" hits="0" branch="true" condition-coverage="0% (0/2)" missing-branches="94,101"/>
						<line number="94" hits="0"/>
						<line number="95" hits="0"/>
						<line number="96" hits="0" branch="true" condition-coverage="0% (0/2)" missing-branches="97,103"/>
						<line number="97" hits="0"/>
						<line number="98" hits="0"/>
						<line number="99" hits="0"/>
						<line number="101" hits="0"/>
						<line number="103" hits="0" branch="true" condition-coverage="0% (0/2)" missing-branches="88,104"/>
						<line number="104" hits="0"/>
						<line number="105" hits="0"/>
						<line number="107" hits="0"/>
						<line number="110" hits="1"/>
						<line number="116" hits="0"/>
						<line number="125" hits="1"/>
						<line number="131" hits="0"/>
						<line number="140" hits="1"/>
						<line number="146" hits="0"/>
						<line number="154" hits="0"/>
						<line number="157" hits="1"/>
						<line number="160" hits="1"/>
						<line number="161" hits="1"/>
						<line number="163" hits="0"/>
						<line number="165" hits="0"/>
						<line number="166" hits="0" branch="true" condition-coverage="0% (0/2)" missing-branches="167,168"/>
						<line number="167" hits="0"/>
						<line number="168" hits="0"/>
						<line number="169" hits="0" branch="true" condition-coverage="0% (0/2)" missing-branches="170,172"/>
						<line number="170" hits="0"/>
						<line number="172" hits="0" branch="true" condition-coverage="0% (0/2)" missing-branches="exit,173"/>
						<line number="173" hits="0" branch="true" condition-coverage="0% (0/2)" missing-branches="174,176"/>
						<line number="174" hits="0"/>
						<line number="176" hits="0"/>
						<line number="177" hits="0"/>
						<line number="178" hits="0"/>
						<line number="179" hits="0"/>
						<line number="181" hits="0"/>
						<line number="182" hits="0" branch="true" condition-coverage="0% (0/2)" missing-branches="183,185"/>
						<line number="183" hits="0"/>
						<line number="185" hits="0"/>
						<line number="187" hits="1"/>
						<line number="188" hits="1"/>
						<line number="191" hits="0"/>
						<line number="192" hits="0"/>
						<line number="193" hits="0"/>
						<line number="195" hits="0" branch="true" condition-coverage="0% (0/2)" missing-branches="196,203"/>
						<line number="196" hits="0"/>
						<line number="197" hits="0"/>
						<line number="198" hits="0" branch="true" condition-coverage="0% (0/2)" missing-branches="199,200"/>
						<line number="199" hits="0"/>
						<line number="200" hits="0" branch="true" condition-coverage="0% (0/2)" missing-branches="201,203"/>
						<line number="201" hits="0"/>
						<line number="203" hits="0" branch="true" condition-coverage="0% (0/2)" missing-branches="exit,204"/>
						<line number="204" hits="0"/>
						<line number="206" hits="1"/>
						<line number="207" hits="1"/>
						<line number="214" hits="0"/>
						<line number="215" hits="0"/>
						<line number="217" hits="0"/>
						<line number="218" hits="0"/>
						<line number="219" hits="0"/>
						<line number="221" hits="0"/>
						<line number="222" hits="0"/>
						<line number="223" hits="0"/>
						<line number="226" hits="0" branch="true" condition-coverage="0% (0/2)" missing-branches="227,241"/>
						<line number="227" hits="0"/>
						<line number="232" hits="0"/>
						<line number="233" hits="0" branch="true" condition-coverage="0% (0/2)" missing-branches="234,241"/>
						<line number="234" hits="0"/>
						<line number="238" hits="0"/>
						<line number="241" hits="0" branch="true" condition-coverage="0% (0/2)" missing-branches="242,259"/>
						<line number="242" hits="0"/>
						<line number="243" hits="0"/>
						<line number="244" hits="0"/>
						<line number="249" hits="0"/>
						<line number="250" hits="0" branch="true" condition-coverage="0% (0/2)" missing-branches="251,259"/>
						<line number="251" hits="0"/>
						<line number="255" hits="0"/>
						<line number="259" hits="0" branch="true" condition-coverage="0% (0/2)" missing-branches="260,272"/>
						<line number="260" hits="0"/>
						<line number="261" hits="0" branch="true" condition-coverage="0% (0/2)" missing-branches="262,272"/>
						<line number="262" hits="0"/>
						<line number="263" hits="0" branch="true" condition-coverage="0% (0/2)" missing-branches="264,272"/>
						<line number="264" hits="0"/>
						<line number="265" hits="0"/>
						<line number="266" hits="0" branch="true" condition-coverage="0% (0/2)" missing-branches="267,268"/>
						<line number="267" hits="0"/>
						<line number="268" hits="0" branch="true" condition-coverage="0% (0/2)" missing-branches="263,269"/>
						<line number="269" hits="0"/>
						<line number="272" hits="0" branch="true" condition-coverage="0% (0/2)" missing-branches="273,290"/>
						<line number="273" hits="0"/>
						<line number="274" hits="0"/>
						<line number="279" hits="0" branch="true" condition-coverage="0% (0/2)" missing-branches="280,290"/>
						<line number="280" hits="0"/>
						<line number="281" hits="0"/>
						<line number="282" hits="0" branch="true" condition-coverage="0% (0/2)" missing-branches="283,285"/>
						<line number="283" hits="0"/>
						<line number="284" hits="0"/>
						<line number="285" hits="0" branch="true" condition-coverage="0% (0/2)" missing-branches="279,286"/>
						<line number="286" hits="0"/>
						<line number="287" hits="0"/>
						<line number="290" hits="0" branch="true" condition-coverage="0% (0/2)" missing-branches="291,297"/>
						<line number="291" hits="0"/>
						<line number="292" hits="0" branch="true" condition-coverage="0% (0/2)" missing-branches="293,297"/>
						<line number="293" hits="0"/>
						<line number="294" hits="0"/>
						<line number="297" hits="0" branch="true" condition-coverage="0% (0/2)" missing-branches="298,302"/>
						<line number="298" hits="0"/>
						<line number="299" hits="0" branch="true" condition-coverage="0% (0/2)" missing-branches="300,302"/>
						<line number="300" hits="0"/>
						<line number="302" hits="0" branch="true" condition-coverage="0% (0/2)" missing-branches="exit,303"/>
						<line number="303" hits="0"/>
						<line number="304" hits="0" branch="true" condition-coverage="0% (0/2)" missing-branches="exit,305"/>
						<line number="305" hits="0"/>
						<line number="307" hits="1"/>
						<line number="308" hits="1"/>
						<line number="314" hits="0"/>
						<line number="315" hits="0"/>
						<line number="317" hits="0" branch="true" condition-coverage="0% (0/2)" missing-branches="exit,318"/>
						<line number="318" hits="0" branch="true" condition-coverage="0% (0/2)" missing-branches="317,319"/>
						<line number="319" hits="0"/>
						<line number="320" hits="0"/>
						<line number="321" hits="0" branch="true" condition-coverage="0% (0/2)" missing-branches="322,324"/>
						<line number="322" hits="0"/>
						<line number="324" hits="0" branch="true" condition-coverage="0% (0/2)" missing-branches="325,326"/>
						<line number="325" hits="0"/>
						<line number="326" hits="0" branch="true" condition-coverage="0% (0/2)" missing-branches="317,327"/>
						<line number="327" hits="0" branch="true" condition-coverage="0% (0/2)" missing-branches="317,328"/>
						<line number="328" hits="0"/>
						<line number="331" hits="1"/>
						<line number="334" hits="1"/>
						<line number="335" hits="1"/>
						<line number="336" hits="0"/>
						<line number="338" hits="1"/>
						<line number="339" hits="1"/>
						<line number="341" hits="0"/>
						<line number="343" hits="0" branch="true" condition-coverage="0% (0/2)" missing-branches="344,346"/>
						<line number="344" hits="0"/>
						<line number="346" hits="0"/>
						<line number="347" hits="0" branch="true" condition-coverage="0% (0/2)" missing-branches="348,350"/>
						<line number="348" hits="0"/>
						<line number="350" hits="0" branch="true" condition-coverage="0% (0/2)" missing-branches="351,353"/>
						<line number="351" hits="0"/>
						<line number="353" hits="0" branch="true" condition-coverage="0% (0/2)" missing-branches="354,356"/>
						<line number="354" hits="0"/>
						<line number="356" hits="0" branch="true" condition-coverage="0% (0/2)" missing-branches="exit,357"/>
						<line number="357" hits="0"/>
						<line number="358" hits="0" branch="true" condition-coverage="0% (0/2)" missing-branches="359,360"/>
						<line number="359" hits="0"/>
						<line number="360" hits="0"/>
						<line number="361" hits="0" branch="true" condition-coverage="0% (0/2)" missing-branches="362,365"/>
						<line number="362" hits="0"/>
						<line number="365" hits="0"/>
						<line number="368" hits="0" branch="true" condition-coverage="0% (0/2)" missing-branches="369,371"/>
						<line number="369" hits="0"/>
						<line number="371" hits="0"/>
						<line number="374" hits="1"/>
						<line number="377" hits="1"/>
						<line number="378" hits="1"/>
						<line number="380" hits="0"/>
						<line number="381" hits="0" branch="true" condition-coverage="0% (0/2)" missing-branches="exit,382"/>
						<line number="382" hits="0"/>
						<line number="383" hits="0"/>
						<line number="385" hits="1"/>
						<line number="386" hits="1"/>
						<line number="388" hits="0"/>
						<line number="389" hits="0" branch="true" condition-coverage="0% (0/2)" missing-branches="exit,390"/>
						<line number="390" hits="0"/>
						<line number="391" hits="0"/>
						<line number="394" hits="1"/>
						<line number="397" hits="1"/>
						<line number="398" hits="1"/>
						<line number="400" hits="0"/>
						<line number="401" hits="0" branch="true" condition-coverage="0% (0/2)" missing-branches="402,404"/>
						<line number="402" hits="0"/>
						<line number="404" hits="0"/>
						<line number="405" hits="0"/>
						<line number="406" hits="0"/>
						<line number="407" hits="0"/>
						<line number="409" hits="0"/>
						<line number="411" hits="0"/>
						<line number="414" hits="0"/>
						<line number="415" hits="0"/>
						<line number="416" hits="0"/>
						<line number="418" hits="1"/>
						<line number="419" hits="1"/>
						<line number="421" hits="0"/>
						<line number="422" hits="0" branch="true" condition-coverage="0% (0/2)" missing-branches="423,425"/>
						<line number="423" hits="0"/>
						<line number="425" hits="0"/>
						<line number="426" hits="0"/>
						<line number="427" hits="0"/>
						<line number="428" hits="0"/>
						<line number="429" hits="0"/>
						<line number="431" hits="0"/>
						<line number="434" hits="0"/>
						<line number="435" hits="0"/>
						<line number="436" hits="0"/>
						<line number="439" hits="1"/>
						<line number="446" hits="1"/>
						<line number="447" hits="1"/>
						<line number="448" hits="0" branch="true" condition-coverage="0% (0/2)" missing-branches="449,451"/>
						<line number="449" hits="0"/>
						<line number="451" hits="0"/>
						<line number="453" hits="1"/>
						<line number="454" hits="1"/>
						<line number="455" hits="0" branch="true" condition-coverage="0% (0/2)" missing-branches="456,458"/>
						<line number="456" hits="0"/>
						<line number="458" hits="0"/>
						<line number="461" hits="1"/>
						<line number="468" hits="0"/>
						<line number="469" hits="0"/>
						<line number="470" hits="0"/>
						<line number="472" hits="0"/>
						<line number="479" hits="0" branch="true" condition-coverage="0% (0/2)" missing-branches="480,483"/>
						<line number="480" hits="0" branch="true" condition-coverage="0% (0/2)" missing-branches="479,481"/>
						<line number="481" hits="0"/>
						<line number="483" hits="0"/>
						<line number="487" hits="0" branch="true" condition-coverage="0% (0/2)" missing-branches="exit,488"/>
						<line number="488" hits="0" branch="true" condition-coverage="0% (0/2)" missing-branches="487,489"/>
						<line number="489" hits="0"/>
						<line number="492" hits="1"/>
						<line number="504" hits="1"/>
						<line number="506" hits="1"/>
						<line number="507" hits="0"/>
						<line number="508" hits="0"/>
						<line number="509" hits="0"/>
						<line number="511" hits="1"/>
						<line number="524" hits="0"/>
						<line number="526" hits="0"/>
						<line number="528" hits="1"/>
						<line number="531" hits="0" branch="true" condition-coverage="0% (0/2)" missing-branches="532,533"/>
						<line number="532" hits="0"/>
						<line number="533" hits="0"/>
						<line number="536" hits="0" branch="true" condition-coverage="0% (0/2)" missing-branches="537,538"/>
						<line number="537" hits="0"/>
						<line number="538" hits="0"/>
						<line number="540" hits="1"/>
						<line number="542" hits="0"/>
						<line number="543" hits="0"/>
						<line number="545" hits="1"/>
						<line number="552" hits="0" branch="true" condition-coverage="0% (0/2)" missing-branches="553,554"/>
						<line number="553" hits="0"/>
						<line number="554" hits="0"/>
						<line number="557" hits="0" branch="true" condition-coverage="0% (0/2)" missing-branches="558,559"/>
						<line number="558" hits="0"/>
						<line number="559" hits="0"/>
						<line number="562" hits="1"/>
						<line number="580" hits="0"/>
						<line number="581" hits="0" branch="true" condition-coverage="0% (0/2)" missing-branches="582,584"/>
						<line number="582" hits="0"/>
						<line number="583" hits="0"/>
						<line number="584" hits="0"/>
						<line number="587" hits="1"/>
						<line number="590" hits="1"/>
						<line number="591" hits="1"/>
						<line number="593" hits="0"/>
						<line number="596" hits="1"/>
						<line number="599" hits="1"/>
						<line number="600" hits="1"/>
						<line number="602" hits="0" branch="true" condition-coverage="0% (0/2)" missing-branches="603,605"/>
						<line number="603" hits="0"/>
						<line number="605" hits="0"/>
						<line number="606" hits="0" branch="true" condition-coverage="0% (0/2)" missing-branches="exit,607"/>
						<line number="607" hits="0"/>
						<line number="608" hits="0"/>
						<line number="610" hits="1"/>
						<line number="611" hits="1"/>
						<line number="613" hits="0"/>
						<line number="614" hits="0" branch="true" condition-coverage="0% (0/2)" missing-branches="exit,615"/>
						<line number="615" hits="0"/>
						<line number="616" hits="0"/>
						<line number="619" hits="1"/>
						<line number="622" hits="1"/>
						<line number="623" hits="1"/>
						<line number="625" hits="0" branch="true" condition-coverage="0% (0/2)" missing-branches="626,628"/>
						<line number="626" hits="0"/>
						<line number="628" hits="0"/>
						<line number="629" hits="0" branch="true" condition-coverage="0% (0/2)" missing-branches="exit,630"/>
						<line number="630" hits="0"/>
						<line number="631" hits="0"/>
						<line number="632" hits="0"/>
						<line number="633" hits="0"/>
						<line number="635" hits="1"/>
						<line number="636" hits="1"/>
						<line number="638" hits="0"/>
						<line number="639" hits="0" branch="true" condition-coverage="0% (0/2)" missing-branches="exit,640"/>
						<line number="640" hits="0"/>
						<line number="641" hits="0"/>
						<line number="644" hits="1"/>
						<line number="651" hits="1"/>
						<line number="652" hits="1"/>
						<line number="654" hits="0" branch="true" condition-coverage="0% (0/2)" missing-branches="655,657"/>
						<line number="655" hits="0"/>
						<line number="657" hits="0"/>
						<line number="658" hits="0" branch="true" condition-coverage="0% (0/2)" missing-branches="exit,659"/>
						<line number="659" hits="0"/>
						<line number="660" hits="0"/>
						<line number="661" hits="0"/>
						<line number="663" hits="0"/>
						<line number="666" hits="0"/>
						<line number="667" hits="0"/>
						<line number="668" hits="0"/>
						<line number="669" hits="0"/>
						<line number="671" hits="1"/>
						<line number="672" hits="1"/>
						<line number="674" hits="0"/>
						<line number="675" hits="0" branch="true" condition-coverage="0% (0/2)" missing-branches="exit,676"/>
						<line number="676" hits="0"/>
						<line number="677" hits="0"/>
						<line number="680" hits="1"/>
						<line number="687" hits="0"/>
						<line number="688" hits="0"/>
						<line number="691" hits="0"/>
						<line number="695" hits="0" branch="true" condition-coverage="0% (0/2)" missing-branches="696,699"/>
						<line number="696" hits="0" branch="true" condition-coverage="0% (0/2)" missing-branches="695,697"/>
						<line number="697" hits="0"/>
						<line number="699" hits="0"/>
						<line number="703" hits="1"/>
						<line number="714" hits="0" branch="true" condition-coverage="0% (0/2)" missing-branches="exit,715"/>
						<line number="715" hits="0"/>
						<line number="716" hits="0" branch="true" condition-coverage="0% (0/2)" missing-branches="717,718"/>
						<line number="717" hits="0"/>
						<line number="718" hits="0"/>
						<line number="719" hits="0" branch="true" condition-coverage="0% (0/2)" missing-branches="721,723"/>
						<line number="721" hits="0"/>
						<line number="723" hits="0" branch="true" condition-coverage="0% (0/2)" missing-branches="714,724"/>
						<line number="724" hits="0"/>
						<line number="727" hits="1"/>
						<line number="733" hits="0" branch="true" condition-coverage="0% (0/2)" missing-branches="734,736"/>
						<line number="734" hits="0"/>
						<line number="736" hits="0"/>
						<line number="737" hits="0" branch="true" condition-coverage="0% (0/2)" missing-branches="738,743"/>
						<line number="738" hits="0" branch="true" condition-coverage="0% (0/2)" missing-branches="739,740"/>
						<line number="739" hits="0"/>
						<line number="740" hits="0"/>
						<line number="741" hits="0" branch="true" condition-coverage="0% (0/2)" missing-branches="737,742"/>
						<line number="742" hits="0"/>
						<line number="743" hits="0"/>
					</lines>
				</class>
				<class name="_serialization.py" filename="_serialization.py" complexity="0" line-rate="0" branch-rate="0">
					<methods/>
					<lines>
						<line number="13" hits="0"/>
						<line number="15" hits="0"/>
						<line number="17" hits="0"/>
						<line number="31" hits="0"/>
						<line number="43" hits="0"/>
						<line number="44" hits="0" branch="true" condition-coverage="0% (0/2)" missing-branches="45,47"/>
						<line number="45" hits="0"/>
						<line number="46" hits="0"/>
						<line number="47" hits="0"/>
						<line number="48" hits="0"/>
						<line number="55" hits="0"/>
						<line number="57" hits="0"/>
					</lines>
				</class>
				<class name="_typing.py" filename="_typing.py" complexity="0" line-rate="0.8308" branch-rate="0.125">
					<methods/>
					<lines>
						<line number="13" hits="1"/>
						<line number="14" hits="1"/>
						<line number="15" hits="1"/>
						<line number="16" hits="1"/>
						<line number="18" hits="1"/>
						<line number="28" hits="1"/>
						<line number="29" hits="1"/>
						<line number="30" hits="1"/>
						<line number="31" hits="1"/>
						<line number="32" hits="1"/>
						<line number="33" hits="1"/>
						<line number="34" hits="1"/>
						<line number="35" hits="1"/>
						<line number="36" hits="1"/>
						<line number="37" hits="1"/>
						<line number="38" hits="1"/>
						<line number="39" hits="1"/>
						<line number="40" hits="1"/>
						<line number="46" hits="1"/>
						<line number="47" hits="1"/>
						<line number="50" hits="1"/>
						<line number="51" hits="1"/>
						<line number="57" hits="1"/>
						<line number="58" hits="1"/>
						<line number="67" hits="1"/>
						<line number="80" hits="1"/>
						<line number="83" hits="1" branch="true" condition-coverage="50% (1/2)" missing-branches="86"/>
						<line number="84" hits="1"/>
						<line number="86" hits="0"/>
						<line number="92" hits="1"/>
						<line number="95" hits="1"/>
						<line number="96" hits="1"/>
						<line number="98" hits="1"/>
						<line number="99" hits="0" branch="true" condition-coverage="0% (0/2)" missing-branches="exit,100"/>
						<line number="100" hits="0"/>
						<line number="102" hits="1"/>
						<line number="118" hits="0"/>
						<line number="120" hits="1"/>
						<line number="136" hits="0"/>
						<line number="139" hits="1"/>
						<line number="142" hits="1"/>
						<line number="151" hits="0"/>
						<line number="153" hits="1"/>
						<line number="164" hits="0"/>
						<line number="167" hits="1"/>
						<line number="168" hits="1"/>
						<line number="171" hits="1"/>
						<line number="174" hits="1"/>
						<line number="175" hits="1"/>
						<line number="176" hits="1"/>
						<line number="177" hits="1"/>
						<line number="179" hits="1"/>
						<line number="180" hits="1"/>
						<line number="181" hits="1"/>
						<line number="191" hits="1"/>
						<line number="192" hits="1"/>
						<line number="196" hits="1"/>
						<line number="198" hits="1"/>
						<line number="199" hits="0" branch="true" condition-coverage="0% (0/2)" missing-branches="exit,200"/>
						<line number="200" hits="0"/>
						<line number="203" hits="1"/>
						<line number="214" hits="0"/>
						<line number="217" hits="1"/>
						<line number="218" hits="1"/>
						<line number="221" hits="1"/>
						<line number="224" hits="1"/>
						<line number="225" hits="1"/>
						<line number="226" hits="1"/>
						<line number="227" hits="1"/>
						<line number="228" hits="1"/>
						<line number="230" hits="1"/>
						<line number="231" hits="1"/>
						<line number="232" hits="1"/>
						<line number="233" hits="1"/>
						<line number="244" hits="1"/>
						<line number="245" hits="1"/>
						<line number="248" hits="1"/>
						<line number="250" hits="1"/>
						<line number="253" hits="1"/>
						<line number="254" hits="0"/>
						<line number="256" hits="1"/>
						<line number="258" hits="0"/>
						<line number="260" hits="1"/>
						<line number="262" hits="0"/>
						<line number="265" hits="1"/>
						<line number="266" hits="1"/>
						<line number="268" hits="1"/>
						<line number="276" hits="1"/>
						<line number="277" hits="1"/>
						<line number="281" hits="1"/>
						<line number="283" hits="1"/>
						<line number="284" hits="0" branch="true" condition-coverage="0% (0/2)" missing-branches="exit,285"/>
						<line number="285" hits="0"/>
						<line number="287" hits="1"/>
						<line number="288" hits="0"/>
						<line number="291" hits="1"/>
						<line number="293" hits="0"/>
						<line number="296" hits="1"/>
						<line number="298" hits="0"/>
						<line number="301" hits="1"/>
						<line number="303" hits="0"/>
						<line number="311" hits="1"/>
						<line number="313" hits="0"/>
						<line number="316" hits="1"/>
						<line number="319" hits="1"/>
						<line number="320" hits="0"/>
						<line number="323" hits="1"/>
						<line number="326" hits="1"/>
						<line number="327" hits="1"/>
						<line number="328" hits="1"/>
						<line number="329" hits="1"/>
						<line number="330" hits="1"/>
						<line number="331" hits="1"/>
						<line number="332" hits="1"/>
						<line number="333" hits="1"/>
						<line number="335" hits="1"/>
						<line number="336" hits="1"/>
						<line number="337" hits="1"/>
						<line number="338" hits="1"/>
						<line number="339" hits="1"/>
						<line number="340" hits="1"/>
						<line number="341" hits="1"/>
						<line number="355" hits="1"/>
						<line number="356" hits="1"/>
						<line number="357" hits="0"/>
						<line number="372" hits="1"/>
						<line number="375" hits="1"/>
						<line number="378" hits="1"/>
						<line number="379" hits="1"/>
						<line number="382" hits="1"/>
					</lines>
				</class>
				<class name="base.py" filename="base.py" complexity="0" line-rate="0.6798" branch-rate="0.2619">
					<methods/>
					<lines>
						<line number="3" hits="1"/>
						<line number="4" hits="1"/>
						<line number="5" hits="1"/>
						<line number="6" hits="1"/>
						<line number="7" hits="1"/>
						<line number="8" hits="1"/>
						<line number="10" hits="1"/>
						<line number="11" hits="1"/>
						<line number="12" hits="1"/>
						<line number="18" hits="1"/>
						<line number="21" hits="1"/>
						<line number="24" hits="1"/>
						<line number="25" hits="1"/>
						<line number="27" hits="1"/>
						<line number="36" hits="1"/>
						<line number="37" hits="1"/>
						<line number="46" hits="1"/>
						<line number="82" hits="1"/>
						<line number="83" hits="1"/>
						<line number="84" hits="1"/>
						<line number="85" hits="1"/>
						<line number="86" hits="1"/>
						<line number="87" hits="1"/>
						<line number="88" hits="1"/>
						<line number="89" hits="1"/>
						<line number="90" hits="1"/>
						<line number="91" hits="1"/>
						<line number="92" hits="1"/>
						<line number="93" hits="1"/>
						<line number="95" hits="1"/>
						<line number="102" hits="1"/>
						<line number="103" hits="1"/>
						<line number="104" hits="1"/>
						<line number="107" hits="1"/>
						<line number="120" hits="0"/>
						<line number="121" hits="0"/>
						<line number="123" hits="0"/>
						<line number="125" hits="0" branch="true" condition-coverage="0% (0/2)" missing-branches="126,137"/>
						<line number="126" hits="0" branch="true" condition-coverage="0% (0/2)" missing-branches="125,127"/>
						<line number="127" hits="0" branch="true" condition-coverage="0% (0/2)" missing-branches="128,135"/>
						<line number="128" hits="0"/>
						<line number="129" hits="0"/>
						<line number="130" hits="0" branch="true" condition-coverage="0% (0/2)" missing-branches="131,133"/>
						<line number="131" hits="0"/>
						<line number="133" hits="0"/>
						<line number="135" hits="0"/>
						<line number="137" hits="0" branch="true" condition-coverage="0% (0/2)" missing-branches="138,141"/>
						<line number="138" hits="0" branch="true" condition-coverage="0% (0/2)" missing-branches="139,140"/>
						<line number="139" hits="0"/>
						<line number="140" hits="0"/>
						<line number="141" hits="0"/>
						<line number="144" hits="1"/>
						<line number="145" hits="1"/>
						<line number="163" hits="1"/>
						<line number="178" hits="0"/>
						<line number="179" hits="0" branch="true" condition-coverage="0% (0/2)" missing-branches="180,182"/>
						<line number="180" hits="0"/>
						<line number="182" hits="0"/>
						<line number="183" hits="0"/>
						<line number="184" hits="0"/>
						<line number="185" hits="0" branch="true" condition-coverage="0% (0/2)" missing-branches="186,187"/>
						<line number="186" hits="0"/>
						<line number="187" hits="0"/>
						<line number="188" hits="0"/>
						<line number="195" hits="1"/>
						<line number="209" hits="1"/>
						<line number="215" hits="0"/>
						<line number="216" hits="0"/>
						<line number="223" hits="1"/>
						<line number="238" hits="1"/>
						<line number="262" hits="1" branch="true" condition-coverage="50% (1/2)" missing-branches="263"/>
						<line number="263" hits="0"/>
						<line number="264" hits="0"/>
						<line number="266" hits="1"/>
						<line number="267" hits="1"/>
						<line number="268" hits="1"/>
						<line number="270" hits="1" branch="true" condition-coverage="50% (1/2)" missing-branches="271"/>
						<line number="271" hits="0"/>
						<line number="272" hits="0"/>
						<line number="274" hits="1" branch="true" condition-coverage="50% (1/2)" missing-branches="275"/>
						<line number="275" hits="0"/>
						<line number="276" hits="0"/>
						<line number="278" hits="1" branch="true" condition-coverage="100% (2/2)"/>
						<line number="279" hits="1"/>
						<line number="280" hits="1" branch="true" condition-coverage="50% (1/2)" missing-branches="281"/>
						<line number="281" hits="0"/>
						<line number="282" hits="0"/>
						<line number="284" hits="1"/>
						<line number="290" hits="1"/>
						<line number="291" hits="1"/>
						<line number="292" hits="1"/>
						<line number="369" hits="0"/>
						<line number="370" hits="0" branch="true" condition-coverage="0% (0/2)" missing-branches="371,373"/>
						<line number="371" hits="0"/>
						<line number="373" hits="0"/>
						<line number="374" hits="0"/>
						<line number="375" hits="0" branch="true" condition-coverage="0% (0/2)" missing-branches="376,378"/>
						<line number="376" hits="0"/>
						<line number="378" hits="0" branch="true" condition-coverage="0% (0/2)" missing-branches="379,383"/>
						<line number="379" hits="0"/>
						<line number="380" hits="0" branch="true" condition-coverage="0% (0/2)" missing-branches="378,381"/>
						<line number="381" hits="0"/>
						<line number="383" hits="0"/>
						<line number="386" hits="1"/>
						<line number="397" hits="1"/>
						<line number="399" hits="1"/>
						<line number="400" hits="1"/>
						<line number="412" hits="1"/>
						<line number="413" hits="1"/>
						<line number="415" hits="1"/>
						<line number="426" hits="1"/>
						<line number="427" hits="1"/>
						<line number="429" hits="1"/>
						<line number="430" hits="1" branch="true" condition-coverage="50% (1/2)" missing-branches="431"/>
						<line number="431" hits="0"/>
						<line number="432" hits="1"/>
						<line number="435" hits="1"/>
						<line number="438" hits="1"/>
						<line number="448" hits="1"/>
						<line number="449" hits="1"/>
						<line number="451" hits="1"/>
						<line number="452" hits="1" branch="true" condition-coverage="100% (2/2)"/>
						<line number="453" hits="1"/>
						<line number="454" hits="1"/>
						<line number="456" hits="1"/>
						<line number="465" hits="0"/>
						<line number="467" hits="1"/>
						<line number="474" hits="0"/>
						<line number="476" hits="1"/>
						<line number="477" hits="0"/>
						<line number="479" hits="1"/>
						<line number="480" hits="0"/>
						<line number="482" hits="1"/>
						<line number="483" hits="0"/>
						<line number="485" hits="1"/>
						<line number="486" hits="1"/>
						<line number="489" hits="1"/>
						<line number="492" hits="1"/>
						<line number="503" hits="1"/>
						<line number="504" hits="1"/>
						<line number="505" hits="1"/>
						<line number="506" hits="1"/>
						<line number="508" hits="1"/>
						<line number="509" hits="1"/>
						<line number="510" hits="1" branch="true" condition-coverage="50% (1/2)" missing-branches="511"/>
						<line number="511" hits="0"/>
						<line number="512" hits="1" branch="true" condition-coverage="50% (1/2)" missing-branches="513"/>
						<line number="513" hits="0"/>
						<line number="514" hits="1"/>
						<line number="517" hits="1"/>
						<line number="527" hits="1"/>
						<line number="530" hits="1"/>
						<line number="541" hits="1"/>
						<line number="544" hits="1"/>
						<line number="554" hits="1"/>
						<line number="557" hits="1"/>
						<line number="568" hits="1"/>
						<line number="571" hits="1"/>
						<line number="581" hits="1"/>
						<line number="584" hits="1"/>
						<line number="595" hits="1"/>
						<line number="598" hits="1"/>
						<line number="608" hits="1"/>
						<line number="611" hits="1"/>
						<line number="622" hits="1"/>
						<line number="625" hits="1"/>
						<line number="635" hits="1"/>
						<line number="638" hits="1"/>
						<line number="649" hits="1"/>
						<line number="652" hits="1"/>
						<line number="665" hits="1"/>
						<line number="668" hits="1"/>
						<line number="682" hits="1"/>
						<line number="685" hits="1"/>
						<line number="694" hits="1"/>
						<line number="697" hits="1"/>
						<line number="706" hits="1"/>
						<line number="707" hits="1"/>
					</lines>
				</class>
				<class name="cli.py" filename="cli.py" complexity="0" line-rate="0.02662" branch-rate="0">
					<methods/>
					<lines>
						<line number="1" hits="1"/>
						<line number="2" hits="1"/>
						<line number="3" hits="1"/>
						<line number="4" hits="1"/>
						<line number="13" hits="1"/>
						<line number="16" hits="1"/>
						<line number="25" hits="0"/>
						<line number="26" hits="0"/>
						<line number="31" hits="0"/>
						<line number="32" hits="0"/>
						<line number="38" hits="0"/>
						<line number="39" hits="0"/>
						<line number="41" hits="0"/>
						<line number="43" hits="0"/>
						<line number="45" hits="0"/>
						<line number="47" hits="0"/>
						<line number="48" hits="0"/>
						<line number="51" hits="0"/>
						<line number="52" hits="0" branch="true" condition-coverage="0% (0/2)" missing-branches="53,55"/>
						<line number="53" hits="0"/>
						<line number="55" hits="0"/>
						<line number="56" hits="0"/>
						<line number="57" hits="0" branch="true" condition-coverage="0% (0/2)" missing-branches="58,60"/>
						<line number="58" hits="0"/>
						<line number="60" hits="0"/>
						<line number="66" hits="0" branch="true" condition-coverage="0% (0/2)" missing-branches="exit,67"/>
						<line number="67" hits="0"/>
						<line number="69" hits="0"/>
						<line number="72" hits="1"/>
						<line number="84" hits="0"/>
						<line number="86" hits="0"/>
						<line number="88" hits="0"/>
						<line number="90" hits="0" branch="true" condition-coverage="0% (0/2)" missing-branches="91,93"/>
						<line number="91" hits="0"/>
						<line number="93" hits="0"/>
						<line number="99" hits="0"/>
						<line number="106" hits="0"/>
						<line number="116" hits="0"/>
						<line number="128" hits="0"/>
						<line number="129" hits="0" branch="true" condition-coverage="0% (0/2)" missing-branches="130,132"/>
						<line number="130" hits="0"/>
						<line number="132" hits="0" branch="true" condition-coverage="0% (0/2)" missing-branches="133,136"/>
						<line number="133" hits="0" branch="true" condition-coverage="0% (0/2)" missing-branches="132,134"/>
						<line number="134" hits="0"/>
						<line number="136" hits="0"/>
						<line number="137" hits="0"/>
						<line number="139" hits="0"/>
						<line number="143" hits="0"/>
						<line number="144" hits="0"/>
						<line number="145" hits="0"/>
						<line number="147" hits="0"/>
						<line number="149" hits="0"/>
						<line number="150" hits="0"/>
						<line number="151" hits="0"/>
						<line number="152" hits="0"/>
						<line number="153" hits="0"/>
						<line number="155" hits="0"/>
						<line number="159" hits="0"/>
						<line number="160" hits="0"/>
						<line number="161" hits="0"/>
						<line number="167" hits="0"/>
						<line number="168" hits="0"/>
						<line number="173" hits="0"/>
						<line number="177" hits="0"/>
						<line number="179" hits="0"/>
						<line number="181" hits="0"/>
						<line number="182" hits="0"/>
						<line number="183" hits="0"/>
						<line number="188" hits="0" branch="true" condition-coverage="0% (0/2)" missing-branches="exit,189"/>
						<line number="189" hits="0"/>
						<line number="190" hits="0"/>
						<line number="191" hits="0"/>
						<line number="193" hits="0"/>
						<line number="197" hits="0"/>
						<line number="198" hits="0"/>
						<line number="199" hits="0"/>
						<line number="205" hits="0"/>
						<line number="206" hits="0"/>
						<line number="211" hits="0"/>
						<line number="215" hits="0"/>
						<line number="217" hits="0"/>
						<line number="219" hits="0"/>
						<line number="220" hits="0"/>
						<line number="221" hits="0"/>
						<line number="226" hits="0" branch="true" condition-coverage="0% (0/2)" missing-branches="exit,227"/>
						<line number="227" hits="0"/>
						<line number="228" hits="0"/>
						<line number="229" hits="0"/>
						<line number="231" hits="0"/>
						<line number="234" hits="0"/>
						<line number="235" hits="0"/>
						<line number="236" hits="0"/>
						<line number="237" hits="0"/>
						<line number="240" hits="0"/>
						<line number="241" hits="0"/>
						<line number="243" hits="0"/>
						<line number="245" hits="0"/>
						<line number="246" hits="0"/>
						<line number="247" hits="0"/>
						<line number="248" hits="0"/>
						<line number="249" hits="0"/>
						<line number="251" hits="0"/>
						<line number="255" hits="0"/>
						<line number="256" hits="0"/>
						<line number="258" hits="0"/>
						<line number="260" hits="0"/>
						<line number="261" hits="0"/>
						<line number="262" hits="0"/>
						<line number="263" hits="0"/>
						<line number="264" hits="0"/>
						<line number="266" hits="0"/>
						<line number="270" hits="0"/>
						<line number="271" hits="0"/>
						<line number="272" hits="0"/>
						<line number="274" hits="0"/>
						<line number="276" hits="0"/>
						<line number="277" hits="0"/>
						<line number="278" hits="0"/>
						<line number="279" hits="0"/>
						<line number="280" hits="0"/>
						<line number="282" hits="0"/>
						<line number="286" hits="0"/>
						<line number="287" hits="0"/>
						<line number="288" hits="0"/>
						<line number="290" hits="0"/>
						<line number="292" hits="0"/>
						<line number="293" hits="0"/>
						<line number="294" hits="0"/>
						<line number="295" hits="0"/>
						<line number="296" hits="0"/>
						<line number="298" hits="0"/>
						<line number="302" hits="0"/>
						<line number="303" hits="0"/>
						<line number="304" hits="0"/>
						<line number="310" hits="0"/>
						<line number="312" hits="0"/>
						<line number="314" hits="0"/>
						<line number="315" hits="0"/>
						<line number="316" hits="0"/>
						<line number="317" hits="0"/>
						<line number="318" hits="0"/>
						<line number="320" hits="0"/>
						<line number="324" hits="0"/>
						<line number="325" hits="0"/>
						<line number="326" hits="0"/>
						<line number="332" hits="0"/>
						<line number="338" hits="0"/>
						<line number="345" hits="0"/>
						<line number="347" hits="0"/>
						<line number="348" hits="0"/>
						<line number="349" hits="0"/>
						<line number="350" hits="0"/>
						<line number="351" hits="0"/>
						<line number="357" hits="0"/>
						<line number="361" hits="0"/>
						<line number="362" hits="0"/>
						<line number="363" hits="0"/>
						<line number="364" hits="0"/>
						<line number="365" hits="0"/>
						<line number="366" hits="0"/>
						<line number="367" hits="0"/>
						<line number="376" hits="0"/>
						<line number="378" hits="0"/>
						<line number="380" hits="0"/>
						<line number="381" hits="0"/>
						<line number="383" hits="0" branch="true" condition-coverage="0% (0/2)" missing-branches="384,386"/>
						<line number="384" hits="0"/>
						<line number="386" hits="0"/>
						<line number="387" hits="0"/>
						<line number="388" hits="0"/>
						<line number="395" hits="0"/>
						<line number="399" hits="0"/>
						<line number="400" hits="0"/>
						<line number="401" hits="0"/>
						<line number="403" hits="0"/>
						<line number="405" hits="0"/>
						<line number="406" hits="0"/>
						<line number="407" hits="0"/>
						<line number="408" hits="0"/>
						<line number="409" hits="0"/>
						<line number="411" hits="0"/>
						<line number="415" hits="0"/>
						<line number="416" hits="0"/>
						<line number="417" hits="0"/>
						<line number="419" hits="0"/>
						<line number="421" hits="0"/>
						<line number="422" hits="0"/>
						<line number="423" hits="0"/>
						<line number="424" hits="0"/>
						<line number="425" hits="0"/>
						<line number="427" hits="0"/>
						<line number="431" hits="0"/>
						<line number="432" hits="0"/>
						<line number="434" hits="0"/>
						<line number="436" hits="0"/>
						<line number="437" hits="0"/>
						<line number="438" hits="0"/>
						<line number="439" hits="0"/>
						<line number="440" hits="0"/>
						<line number="442" hits="0"/>
						<line number="446" hits="0"/>
						<line number="447" hits="0"/>
						<line number="452" hits="0"/>
						<line number="453" hits="0"/>
						<line number="454" hits="0"/>
						<line number="455" hits="0"/>
						<line number="459" hits="0"/>
						<line number="461" hits="0"/>
						<line number="463" hits="0"/>
						<line number="464" hits="0"/>
						<line number="465" hits="0"/>
						<line number="468" hits="0" branch="true" condition-coverage="0% (0/2)" missing-branches="exit,469"/>
						<line number="469" hits="0"/>
						<line number="470" hits="0" branch="true" condition-coverage="0% (0/2)" missing-branches="exit,471"/>
						<line number="471" hits="0"/>
						<line number="472" hits="0"/>
						<line number="473" hits="0"/>
						<line number="475" hits="0"/>
						<line number="479" hits="0"/>
						<line number="480" hits="0"/>
						<line number="481" hits="0"/>
						<line number="484" hits="0"/>
						<line number="485" hits="0"/>
						<line number="486" hits="0"/>
						<line number="489" hits="0"/>
						<line number="490" hits="0"/>
						<line number="491" hits="0"/>
						<line number="492" hits="0"/>
						<line number="493" hits="0"/>
						<line number="506" hits="0"/>
						<line number="508" hits="0"/>
						<line number="510" hits="0"/>
						<line number="516" hits="0" branch="true" condition-coverage="0% (0/2)" missing-branches="exit,517"/>
						<line number="517" hits="0"/>
						<line number="522" hits="0"/>
						<line number="527" hits="0"/>
						<line number="532" hits="0"/>
						<line number="534" hits="0"/>
						<line number="535" hits="0"/>
						<line number="536" hits="0" branch="true" condition-coverage="0% (0/2)" missing-branches="537,539"/>
						<line number="537" hits="0"/>
						<line number="539" hits="0"/>
						<line number="540" hits="0"/>
						<line number="541" hits="0"/>
						<line number="553" hits="0"/>
						<line number="554" hits="0"/>
						<line number="555" hits="0"/>
						<line number="556" hits="0"/>
						<line number="558" hits="0"/>
						<line number="559" hits="0"/>
						<line number="561" hits="0"/>
						<line number="562" hits="0"/>
						<line number="564" hits="0"/>
						<line number="565" hits="0"/>
						<line number="566" hits="0"/>
						<line number="570" hits="0"/>
						<line number="573" hits="0" branch="true" condition-coverage="0% (0/2)" missing-branches="exit,574"/>
						<line number="574" hits="0"/>
						<line number="575" hits="0"/>
						<line number="577" hits="0" branch="true" condition-coverage="0% (0/2)" missing-branches="exit,578"/>
						<line number="578" hits="0"/>
						<line number="579" hits="0"/>
						<line number="639" hits="0"/>
					</lines>
				</class>
				<class name="exceptions.py" filename="exceptions.py" complexity="0" line-rate="0.3093" branch-rate="0">
					<methods/>
					<lines>
						<line number="1" hits="1"/>
						<line number="2" hits="1"/>
						<line number="3" hits="1"/>
						<line number="4" hits="1"/>
						<line number="6" hits="1"/>
						<line number="7" hits="1"/>
						<line number="8" hits="1"/>
						<line number="10" hits="1"/>
						<line number="26" hits="1"/>
						<line number="50" hits="1"/>
						<line number="79" hits="1"/>
						<line number="94" hits="1"/>
						<line number="99" hits="1"/>
						<line number="106" hits="0"/>
						<line number="107" hits="0" branch="true" condition-coverage="0% (0/2)" missing-branches="108,112"/>
						<line number="108" hits="0" branch="true" condition-coverage="0% (0/2)" missing-branches="109,110"/>
						<line number="109" hits="0"/>
						<line number="110" hits="0" branch="true" condition-coverage="0% (0/2)" missing-branches="111,112"/>
						<line number="111" hits="0"/>
						<line number="112" hits="0"/>
						<line number="113" hits="0"/>
						<line number="115" hits="1"/>
						<line number="116" hits="0" branch="true" condition-coverage="0% (0/2)" missing-branches="117,118"/>
						<line number="117" hits="0"/>
						<line number="118" hits="0"/>
						<line number="120" hits="1"/>
						<line number="121" hits="0"/>
						<line number="124" hits="1"/>
						<line number="134" hits="1"/>
						<line number="135" hits="0"/>
						<line number="142" hits="1"/>
						<line number="153" hits="1"/>
						<line number="164" hits="1"/>
						<line number="173" hits="1"/>
						<line number="182" hits="1"/>
						<line number="191" hits="1"/>
						<line number="200" hits="1"/>
						<line number="211" hits="1"/>
						<line number="222" hits="1"/>
						<line number="233" hits="1"/>
						<line number="243" hits="1"/>
						<line number="244" hits="0"/>
						<line number="245" hits="0" branch="true" condition-coverage="0% (0/2)" missing-branches="246,247"/>
						<line number="246" hits="0"/>
						<line number="247" hits="0"/>
						<line number="250" hits="1"/>
						<line number="251" hits="1"/>
						<line number="285" hits="0"/>
						<line number="286" hits="0"/>
						<line number="288" hits="0"/>
						<line number="289" hits="0" branch="true" condition-coverage="0% (0/2)" missing-branches="290,291"/>
						<line number="290" hits="0"/>
						<line number="291" hits="0" branch="true" condition-coverage="0% (0/2)" missing-branches="292,294"/>
						<line number="292" hits="0"/>
						<line number="294" hits="0"/>
						<line number="295" hits="0"/>
						<line number="296" hits="0"/>
						<line number="297" hits="0" branch="true" condition-coverage="0% (0/2)" missing-branches="298,299"/>
						<line number="298" hits="0"/>
						<line number="299" hits="0" branch="true" condition-coverage="0% (0/2)" missing-branches="300,302"/>
						<line number="300" hits="0"/>
						<line number="302" hits="0"/>
						<line number="303" hits="0"/>
						<line number="304" hits="0"/>
						<line number="305" hits="0" branch="true" condition-coverage="0% (0/2)" missing-branches="306,307"/>
						<line number="306" hits="0"/>
						<line number="307" hits="0" branch="true" condition-coverage="0% (0/2)" missing-branches="308,324"/>
						<line number="308" hits="0"/>
						<line number="313" hits="0"/>
						<line number="314" hits="0" branch="true" condition-coverage="0% (0/2)" missing-branches="315,321"/>
						<line number="315" hits="0" branch="true" condition-coverage="0% (0/2)" missing-branches="314,316"/>
						<line number="316" hits="0" branch="true" condition-coverage="0% (0/2)" missing-branches="315,317"/>
						<line number="317" hits="0"/>
						<line number="321" hits="0"/>
						<line number="324" hits="0"/>
						<line number="325" hits="0"/>
						<line number="326" hits="0" branch="true" condition-coverage="0% (0/2)" missing-branches="327,328"/>
						<line number="327" hits="0"/>
						<line number="328" hits="0"/>
						<line number="329" hits="0"/>
						<line number="330" hits="0" branch="true" condition-coverage="0% (0/2)" missing-branches="331,332"/>
						<line number="331" hits="0"/>
						<line number="332" hits="0"/>
						<line number="335" hits="0"/>
						<line number="336" hits="0" branch="true" condition-coverage="0% (0/2)" missing-branches="337,338"/>
						<line number="337" hits="0"/>
						<line number="338" hits="0" branch="true" condition-coverage="0% (0/2)" missing-branches="339,341"/>
						<line number="339" hits="0"/>
						<line number="341" hits="0"/>
						<line number="342" hits="0"/>
						<line number="343" hits="0"/>
						<line number="344" hits="0" branch="true" condition-coverage="0% (0/2)" missing-branches="345,346"/>
						<line number="345" hits="0"/>
						<line number="346" hits="0" branch="true" condition-coverage="0% (0/2)" missing-branches="347,349"/>
						<line number="347" hits="0"/>
						<line number="349" hits="0"/>
						<line number="350" hits="0"/>
					</lines>
				</class>
				<class name="filters.py" filename="filters.py" complexity="0" line-rate="0.4853" branch-rate="0">
					<methods/>
					<lines>
						<line number="22" hits="1"/>
						<line number="23" hits="1"/>
						<line number="24" hits="1"/>
						<line number="25" hits="1"/>
						<line number="26" hits="1"/>
						<line number="27" hits="1"/>
						<line number="28" hits="1"/>
						<line number="40" hits="1"/>
						<line number="57" hits="1"/>
						<line number="58" hits="1"/>
						<line number="59" hits="1"/>
						<line number="61" hits="1"/>
						<line number="69" hits="1"/>
						<line number="70" hits="1"/>
						<line number="72" hits="1"/>
						<line number="100" hits="1"/>
						<line number="101" hits="1"/>
						<line number="102" hits="1"/>
						<line number="103" hits="1"/>
						<line number="110" hits="1"/>
						<line number="114" hits="1"/>
						<line number="133" hits="1"/>
						<line number="138" hits="1"/>
						<line number="146" hits="1"/>
						<line number="147" hits="1"/>
						<line number="170" hits="0"/>
						<line number="172" hits="1"/>
						<line number="173" hits="1"/>
						<line number="186" hits="0"/>
						<line number="189" hits="1"/>
						<line number="190" hits="1"/>
						<line number="205" hits="1"/>
						<line number="207" hits="1"/>
						<line number="209" hits="1"/>
						<line number="211" hits="1"/>
						<line number="226" hits="0"/>
						<line number="227" hits="0" branch="true" condition-coverage="0% (0/2)" missing-branches="228,229"/>
						<line number="228" hits="0"/>
						<line number="229" hits="0" branch="true" condition-coverage="0% (0/2)" missing-branches="230,231"/>
						<line number="230" hits="0"/>
						<line number="231" hits="0"/>
						<line number="234" hits="1"/>
						<line number="235" hits="1"/>
						<line number="251" hits="1"/>
						<line number="253" hits="1"/>
						<line number="255" hits="1"/>
						<line number="257" hits="1"/>
						<line number="272" hits="0"/>
						<line number="273" hits="0" branch="true" condition-coverage="0% (0/2)" missing-branches="274,275"/>
						<line number="274" hits="0"/>
						<line number="275" hits="0" branch="true" condition-coverage="0% (0/2)" missing-branches="276,277"/>
						<line number="276" hits="0"/>
						<line number="277" hits="0"/>
						<line number="280" hits="1"/>
						<line number="288" hits="1"/>
						<line number="289" hits="1"/>
						<line number="299" hits="1"/>
						<line number="301" hits="1"/>
						<line number="304" hits="1"/>
						<line number="327" hits="0"/>
						<line number="328" hits="0" branch="true" condition-coverage="0% (0/2)" missing-branches="329,330"/>
						<line number="329" hits="0"/>
						<line number="330" hits="0" branch="true" condition-coverage="0% (0/2)" missing-branches="332,333"/>
						<line number="332" hits="0"/>
						<line number="333" hits="0" branch="true" condition-coverage="0% (0/2)" missing-branches="334,335"/>
						<line number="334" hits="0"/>
						<line number="335" hits="0"/>
						<line number="338" hits="1"/>
						<line number="339" hits="1"/>
						<line number="343" hits="1"/>
						<line number="344" hits="1"/>
						<line number="351" hits="1"/>
						<line number="353" hits="1"/>
						<line number="355" hits="1"/>
						<line number="357" hits="0" branch="true" condition-coverage="0% (0/2)" missing-branches="358,359"/>
						<line number="358" hits="0"/>
						<line number="359" hits="0"/>
						<line number="360" hits="0"/>
						<line number="363" hits="1"/>
						<line number="364" hits="1"/>
						<line number="383" hits="1"/>
						<line number="385" hits="1"/>
						<line number="387" hits="1"/>
						<line number="410" hits="0"/>
						<line number="411" hits="0" branch="true" condition-coverage="0% (0/2)" missing-branches="413,414"/>
						<line number="413" hits="0"/>
						<line number="414" hits="0" branch="true" condition-coverage="0% (0/2)" missing-branches="415,416"/>
						<line number="415" hits="0"/>
						<line number="416" hits="0"/>
						<line number="419" hits="1"/>
						<line number="420" hits="1"/>
						<line number="456" hits="1"/>
						<line number="458" hits="1"/>
						<line number="468" hits="0"/>
						<line number="469" hits="0"/>
						<line number="472" hits="1"/>
						<line number="473" hits="1"/>
						<line number="509" hits="1"/>
						<line number="511" hits="1"/>
						<line number="521" hits="0"/>
						<line number="522" hits="0"/>
						<line number="525" hits="1"/>
						<line number="533" hits="1"/>
						<line number="534" hits="1"/>
						<line number="550" hits="1"/>
						<line number="552" hits="1"/>
						<line number="554" hits="1"/>
						<line number="570" hits="0" branch="true" condition-coverage="0% (0/2)" missing-branches="571,572"/>
						<line number="571" hits="0"/>
						<line number="572" hits="0"/>
						<line number="575" hits="1"/>
						<line number="576" hits="1"/>
						<line number="593" hits="1"/>
						<line number="594" hits="1"/>
						<line number="595" hits="1"/>
						<line number="597" hits="1"/>
						<line number="613" hits="0" branch="true" condition-coverage="0% (0/2)" missing-branches="614,619"/>
						<line number="614" hits="0"/>
						<line number="615" hits="0" branch="true" condition-coverage="0% (0/2)" missing-branches="616,618"/>
						<line number="616" hits="0"/>
						<line number="618" hits="0"/>
						<line number="619" hits="0"/>
						<line number="622" hits="1"/>
						<line number="623" hits="1"/>
						<line number="640" hits="1"/>
						<line number="642" hits="1"/>
						<line number="643" hits="1"/>
						<line number="644" hits="1"/>
						<line number="658" hits="1"/>
						<line number="659" hits="1"/>
						<line number="669" hits="0"/>
						<line number="671" hits="1"/>
						<line number="672" hits="1"/>
						<line number="678" hits="0"/>
						<line number="680" hits="1"/>
						<line number="692" hits="0"/>
						<line number="693" hits="0" branch="true" condition-coverage="0% (0/2)" missing-branches="694,702"/>
						<line number="694" hits="0"/>
						<line number="695" hits="0"/>
						<line number="696" hits="0"/>
						<line number="697" hits="0"/>
						<line number="698" hits="0"/>
						<line number="699" hits="0"/>
						<line number="700" hits="0"/>
						<line number="701" hits="0"/>
						<line number="702" hits="0"/>
						<line number="704" hits="1"/>
						<line number="717" hits="0"/>
						<line number="718" hits="0" branch="true" condition-coverage="0% (0/2)" missing-branches="719,720"/>
						<line number="719" hits="0"/>
						<line number="720" hits="0"/>
						<line number="721" hits="0"/>
						<line number="725" hits="1"/>
						<line number="744" hits="1"/>
						<line number="745" hits="1"/>
						<line number="748" hits="1"/>
						<line number="749" hits="1"/>
						<line number="765" hits="1"/>
						<line number="767" hits="1"/>
						<line number="769" hits="1"/>
						<line number="771" hits="1"/>
						<line number="784" hits="0"/>
						<line number="785" hits="0"/>
						<line number="787" hits="0" branch="true" condition-coverage="0% (0/2)" missing-branches="788,791"/>
						<line number="788" hits="0"/>
						<line number="789" hits="0"/>
						<line number="791" hits="0"/>
						<line number="792" hits="0"/>
						<line number="795" hits="1"/>
						<line number="796" hits="1"/>
						<line number="828" hits="1"/>
						<line number="829" hits="1"/>
						<line number="839" hits="0"/>
						<line number="842" hits="1"/>
						<line number="843" hits="1"/>
						<line number="893" hits="1"/>
						<line number="894" hits="1"/>
						<line number="895" hits="1"/>
						<line number="921" hits="1"/>
						<line number="928" hits="0"/>
						<line number="929" hits="0"/>
						<line number="931" hits="1"/>
						<line number="943" hits="0" branch="true" condition-coverage="0% (0/2)" missing-branches="946,950"/>
						<line number="946" hits="0"/>
						<line number="950" hits="0"/>
						<line number="953" hits="0"/>
						<line number="954" hits="0"/>
						<line number="955" hits="0"/>
						<line number="956" hits="0"/>
						<line number="957" hits="0"/>
						<line number="958" hits="0"/>
						<line number="960" hits="1"/>
						<line number="975" hits="0"/>
						<line number="976" hits="0"/>
						<line number="979" hits="1"/>
						<line number="980" hits="1"/>
						<line number="1031" hits="1"/>
						<line number="1032" hits="1"/>
						<line number="1033" hits="1"/>
						<line number="1059" hits="1"/>
						<line number="1060" hits="0"/>
						<line number="1061" hits="0"/>
						<line number="1063" hits="1"/>
						<line number="1076" hits="0" branch="true" condition-coverage="0% (0/2)" missing-branches="1078,1081"/>
						<line number="1078" hits="0"/>
						<line number="1081" hits="0"/>
						<line number="1082" hits="0"/>
						<line number="1083" hits="0"/>
						<line number="1084" hits="0"/>
						<line number="1086" hits="1"/>
						<line number="1101" hits="0"/>
						<line number="1102" hits="0"/>
						<line number="1105" hits="1"/>
						<line number="1106" hits="1"/>
						<line number="1114" hits="1"/>
						<line number="1116" hits="1"/>
						<line number="1118" hits="1"/>
						<line number="1132" hits="0" branch="true" condition-coverage="0% (0/2)" missing-branches="1133,1136"/>
						<line number="1133" hits="0"/>
						<line number="1136" hits="0"/>
						<line number="1137" hits="0" branch="true" condition-coverage="0% (0/2)" missing-branches="1140,1145"/>
						<line number="1140" hits="0"/>
						<line number="1142" hits="0" branch="true" condition-coverage="0% (0/2)" missing-branches="1137,1143"/>
						<line number="1143" hits="0"/>
						<line number="1145" hits="0" branch="true" condition-coverage="0% (0/2)" missing-branches="1147,1149"/>
						<line number="1147" hits="0"/>
						<line number="1148" hits="0"/>
						<line number="1149" hits="0"/>
						<line number="1152" hits="1"/>
						<line number="1153" hits="1"/>
						<line number="1162" hits="1"/>
						<line number="1165" hits="1"/>
						<line number="1184" hits="1"/>
						<line number="1189" hits="1"/>
						<line number="1203" hits="0" branch="true" condition-coverage="0% (0/2)" missing-branches="1204,1220"/>
						<line number="1204" hits="0"/>
						<line number="1205" hits="0" branch="true" condition-coverage="0% (0/2)" missing-branches="1203,1207"/>
						<line number="1207" hits="0"/>
						<line number="1208" hits="0" branch="true" condition-coverage="0% (0/2)" missing-branches="1209,1214"/>
						<line number="1209" hits="0"/>
						<line number="1210" hits="0" branch="true" condition-coverage="0% (0/2)" missing-branches="1208,1211"/>
						<line number="1211" hits="0"/>
						<line number="1214" hits="0" branch="true" condition-coverage="0% (0/2)" missing-branches="1203,1215"/>
						<line number="1215" hits="0"/>
						<line number="1219" hits="0"/>
						<line number="1220" hits="0"/>
						<line number="1222" hits="1"/>
						<line number="1232" hits="0"/>
						<line number="1233" hits="0"/>
						<line number="1234" hits="0" branch="true" condition-coverage="0% (0/2)" missing-branches="1236,1249"/>
						<line number="1236" hits="0" branch="true" condition-coverage="0% (0/2)" missing-branches="1237,1259"/>
						<line number="1237" hits="0"/>
						<line number="1238" hits="0" branch="true" condition-coverage="0% (0/2)" missing-branches="1236,1239"/>
						<line number="1239" hits="0"/>
						<line number="1240" hits="0" branch="true" condition-coverage="0% (0/2)" missing-branches="1241,1245"/>
						<line number="1241" hits="0"/>
						<line number="1242" hits="0" branch="true" condition-coverage="0% (0/2)" missing-branches="1240,1243"/>
						<line number="1243" hits="0"/>
						<line number="1245" hits="0" branch="true" condition-coverage="0% (0/2)" missing-branches="1236,1246"/>
						<line number="1246" hits="0"/>
						<line number="1249" hits="0"/>
						<line number="1250" hits="0" branch="true" condition-coverage="0% (0/2)" missing-branches="1251,1259"/>
						<line number="1251" hits="0"/>
						<line number="1252" hits="0" branch="true" condition-coverage="0% (0/2)" missing-branches="1253,1259"/>
						<line number="1253" hits="0"/>
						<line number="1255" hits="0"/>
						<line number="1256" hits="0"/>
						<line number="1257" hits="0"/>
						<line number="1258" hits="0"/>
						<line number="1259" hits="0"/>
						<line number="1263" hits="1"/>
						<line number="1282" hits="1"/>
					</lines>
				</class>
				<class name="typing.py" filename="typing.py" complexity="0" line-rate="0.6364" branch-rate="0.5">
					<methods/>
					<lines>
						<line number="9" hits="1"/>
						<line number="11" hits="1"/>
						<line number="51" hits="1"/>
						<line number="93" hits="1"/>
						<line number="94" hits="1" branch="true" condition-coverage="50% (1/2)" missing-branches="98"/>
						<line number="95" hits="1"/>
						<line number="96" hits="1"/>
						<line number="98" hits="0"/>
						<line number="99" hits="0"/>
						<line number="101" hits="0"/>
						<line number="108" hits="0"/>
					</lines>
				</class>
			</classes>
		</package>
		<package name="alembic" line-rate="0" branch-rate="0" complexity="0">
			<classes>
				<class name="__init__.py" filename="alembic/__init__.py" complexity="0" line-rate="1" branch-rate="1">
					<methods/>
					<lines/>
				</class>
				<class name="utils.py" filename="alembic/utils.py" complexity="0" line-rate="0" branch-rate="0">
					<methods/>
					<lines>
						<line number="1" hits="0"/>
						<line number="2" hits="0"/>
						<line number="3" hits="0"/>
						<line number="5" hits="0"/>
						<line number="6" hits="0"/>
						<line number="8" hits="0"/>
						<line number="9" hits="0"/>
						<line number="10" hits="0"/>
						<line number="16" hits="0"/>
						<line number="19" hits="0"/>
						<line number="30" hits="0"/>
						<line number="31" hits="0"/>
						<line number="36" hits="0"/>
						<line number="38" hits="0"/>
						<line number="39" hits="0"/>
						<line number="41" hits="0"/>
						<line number="42" hits="0"/>
						<line number="43" hits="0"/>
						<line number="44" hits="0"/>
						<line number="45" hits="0"/>
						<line number="46" hits="0"/>
						<line number="49" hits="0"/>
						<line number="50" hits="0"/>
						<line number="55" hits="0"/>
						<line number="56" hits="0"/>
						<line number="58" hits="0"/>
						<line number="59" hits="0"/>
						<line number="60" hits="0"/>
						<line number="61" hits="0"/>
						<line number="62" hits="0"/>
						<line number="63" hits="0"/>
						<line number="66" hits="0"/>
						<line number="67" hits="0"/>
						<line number="72" hits="0"/>
						<line number="73" hits="0"/>
						<line number="75" hits="0" branch="true" condition-coverage="0% (0/2)" missing-branches="76,77"/>
						<line number="76" hits="0"/>
						<line number="77" hits="0"/>
						<line number="80" hits="0"/>
						<line number="85" hits="0"/>
						<line number="87" hits="0"/>
						<line number="89" hits="0"/>
						<line number="90" hits="0"/>
						<line number="95" hits="0"/>
						<line number="97" hits="0"/>
						<line number="100" hits="0"/>
						<line number="102" hits="0"/>
						<line number="103" hits="0"/>
						<line number="105" hits="0"/>
						<line number="106" hits="0" branch="true" condition-coverage="0% (0/2)" missing-branches="exit,107"/>
						<line number="107" hits="0"/>
						<line number="108" hits="0"/>
						<line number="113" hits="0"/>
						<line number="118" hits="0"/>
						<line number="120" hits="0"/>
						<line number="121" hits="0"/>
						<line number="123" hits="0"/>
						<line number="124" hits="0" branch="true" condition-coverage="0% (0/2)" missing-branches="exit,125"/>
						<line number="125" hits="0"/>
						<line number="126" hits="0"/>
						<line number="131" hits="0"/>
						<line number="136" hits="0"/>
						<line number="140" hits="0"/>
						<line number="142" hits="0" branch="true" condition-coverage="0% (0/2)" missing-branches="143,144"/>
						<line number="143" hits="0"/>
						<line number="144" hits="0"/>
					</lines>
				</class>
			</classes>
		</package>
		<package name="cache" line-rate="0" branch-rate="0" complexity="0">
			<classes>
				<class name="__init__.py" filename="cache/__init__.py" complexity="0" line-rate="0" branch-rate="1">
					<methods/>
					<lines>
						<line number="90" hits="0"/>
						<line number="91" hits="0"/>
						<line number="92" hits="0"/>
						<line number="93" hits="0"/>
						<line number="95" hits="0"/>
					</lines>
				</class>
				<class name="_null.py" filename="cache/_null.py" complexity="0" line-rate="0" branch-rate="1">
					<methods/>
					<lines>
						<line number="3" hits="0"/>
						<line number="4" hits="0"/>
						<line number="6" hits="0"/>
						<line number="13" hits="0"/>
						<line number="16" hits="0"/>
						<line number="46" hits="0"/>
						<line number="77" hits="0"/>
						<line number="84" hits="0"/>
						<line number="86" hits="0"/>
						<line number="87" hits="0"/>
						<line number="90" hits="0"/>
						<line number="93" hits="0"/>
						<line number="103" hits="0"/>
						<line number="105" hits="0"/>
						<line number="115" hits="0"/>
						<line number="117" hits="0"/>
						<line number="133" hits="0"/>
						<line number="135" hits="0"/>
						<line number="143" hits="0"/>
						<line number="150" hits="0"/>
						<line number="153" hits="0"/>
						<line number="171" hits="0"/>
					</lines>
				</class>
				<class name="config.py" filename="cache/config.py" complexity="0" line-rate="0" branch-rate="1">
					<methods/>
					<lines>
						<line number="3" hits="0"/>
						<line number="4" hits="0"/>
						<line number="6" hits="0"/>
						<line number="9" hits="0"/>
						<line number="10" hits="0"/>
						<line number="13" hits="0"/>
						<line number="14" hits="0"/>
						<line number="42" hits="0"/>
						<line number="43" hits="0"/>
						<line number="53" hits="0"/>
						<line number="54" hits="0"/>
						<line number="59" hits="0"/>
						<line number="60" hits="0"/>
						<line number="74" hits="0"/>
						<line number="75" hits="0"/>
						<line number="81" hits="0"/>
						<line number="82" hits="0"/>
						<line number="89" hits="0"/>
						<line number="90" hits="0"/>
						<line number="98" hits="0"/>
						<line number="99" hits="0"/>
						<line number="107" hits="0"/>
						<line number="108" hits="0"/>
					</lines>
				</class>
				<class name="manager.py" filename="cache/manager.py" complexity="0" line-rate="0" branch-rate="0">
					<methods/>
					<lines>
						<line number="3" hits="0"/>
						<line number="4" hits="0"/>
						<line number="5" hits="0"/>
						<line number="6" hits="0"/>
						<line number="7" hits="0"/>
						<line number="8" hits="0"/>
						<line number="9" hits="0"/>
						<line number="10" hits="0"/>
						<line number="11" hits="0"/>
						<line number="13" hits="0"/>
						<line number="14" hits="0"/>
						<line number="15" hits="0"/>
						<line number="16" hits="0"/>
						<line number="21" hits="0"/>
						<line number="27" hits="0"/>
						<line number="29" hits="0"/>
						<line number="32" hits="0"/>
						<line number="36" hits="0"/>
						<line number="38" hits="0"/>
						<line number="41" hits="0"/>
						<line number="42" hits="0"/>
						<line number="46" hits="0"/>
						<line number="47" hits="0"/>
						<line number="48" hits="0"/>
						<line number="49" hits="0"/>
						<line number="52" hits="0"/>
						<line number="56" hits="0"/>
						<line number="57" hits="0"/>
						<line number="58" hits="0"/>
						<line number="65" hits="0"/>
						<line number="66" hits="0"/>
						<line number="69" hits="0"/>
						<line number="118" hits="0"/>
						<line number="128" hits="0"/>
						<line number="143" hits="0"/>
						<line number="147" hits="0"/>
						<line number="148" hits="0"/>
						<line number="149" hits="0"/>
						<line number="150" hits="0"/>
						<line number="151" hits="0"/>
						<line number="152" hits="0"/>
						<line number="154" hits="0"/>
						<line number="155" hits="0"/>
						<line number="157" hits="0" branch="true" condition-coverage="0% (0/2)" missing-branches="158,159"/>
						<line number="158" hits="0"/>
						<line number="159" hits="0"/>
						<line number="161" hits="0"/>
						<line number="162" hits="0"/>
						<line number="172" hits="0" branch="true" condition-coverage="0% (0/2)" missing-branches="173,174"/>
						<line number="173" hits="0"/>
						<line number="174" hits="0"/>
						<line number="176" hits="0"/>
						<line number="183" hits="0" branch="true" condition-coverage="0% (0/2)" missing-branches="184,193"/>
						<line number="184" hits="0"/>
						<line number="185" hits="0"/>
						<line number="186" hits="0"/>
						<line number="187" hits="0"/>
						<line number="188" hits="0"/>
						<line number="190" hits="0"/>
						<line number="191" hits="0"/>
						<line number="193" hits="0" branch="true" condition-coverage="0% (0/2)" missing-branches="194,197"/>
						<line number="194" hits="0"/>
						<line number="195" hits="0"/>
						<line number="197" hits="0" branch="true" condition-coverage="0% (0/2)" missing-branches="198,201"/>
						<line number="198" hits="0"/>
						<line number="199" hits="0"/>
						<line number="201" hits="0"/>
						<line number="202" hits="0"/>
						<line number="207" hits="0"/>
						<line number="208" hits="0"/>
						<line number="209" hits="0"/>
						<line number="211" hits="0"/>
						<line number="212" hits="0"/>
						<line number="214" hits="0"/>
						<line number="220" hits="0" branch="true" condition-coverage="0% (0/2)" missing-branches="exit,221"/>
						<line number="221" hits="0"/>
						<line number="223" hits="0"/>
						<line number="232" hits="0"/>
						<line number="238" hits="0"/>
						<line number="247" hits="0" branch="true" condition-coverage="0% (0/2)" missing-branches="248,249"/>
						<line number="248" hits="0"/>
						<line number="249" hits="0"/>
						<line number="251" hits="0"/>
						<line number="258" hits="0" branch="true" condition-coverage="0% (0/2)" missing-branches="259,260"/>
						<line number="259" hits="0"/>
						<line number="260" hits="0"/>
						<line number="262" hits="0"/>
						<line number="268" hits="0"/>
						<line number="270" hits="0"/>
						<line number="294" hits="0" branch="true" condition-coverage="0% (0/2)" missing-branches="295,296"/>
						<line number="295" hits="0"/>
						<line number="296" hits="0"/>
						<line number="297" hits="0"/>
						<line number="298" hits="0" branch="true" condition-coverage="0% (0/2)" missing-branches="299,304"/>
						<line number="299" hits="0"/>
						<line number="304" hits="0"/>
						<line number="305" hits="0" branch="true" condition-coverage="0% (0/2)" missing-branches="306,307"/>
						<line number="306" hits="0"/>
						<line number="307" hits="0"/>
						<line number="308" hits="0"/>
						<line number="309" hits="0"/>
						<line number="311" hits="0"/>
						<line number="331" hits="0"/>
						<line number="332" hits="0"/>
						<line number="334" hits="0" branch="true" condition-coverage="0% (0/2)" missing-branches="335,336"/>
						<line number="335" hits="0"/>
						<line number="336" hits="0" branch="true" condition-coverage="0% (0/2)" missing-branches="337,340"/>
						<line number="337" hits="0"/>
						<line number="338" hits="0"/>
						<line number="340" hits="0"/>
						<line number="341" hits="0"/>
						<line number="342" hits="0"/>
						<line number="343" hits="0"/>
						<line number="344" hits="0"/>
						<line number="345" hits="0"/>
						<line number="347" hits="0"/>
						<line number="348" hits="0"/>
						<line number="350" hits="0"/>
						<line number="352" hits="0"/>
						<line number="369" hits="0"/>
						<line number="370" hits="0"/>
						<line number="372" hits="0"/>
						<line number="373" hits="0"/>
						<line number="374" hits="0"/>
						<line number="375" hits="0"/>
						<line number="376" hits="0"/>
						<line number="378" hits="0"/>
						<line number="391" hits="0"/>
						<line number="392" hits="0"/>
						<line number="393" hits="0"/>
						<line number="395" hits="0"/>
						<line number="409" hits="0"/>
						<line number="410" hits="0"/>
						<line number="413" hits="0"/>
						<line number="414" hits="0"/>
						<line number="415" hits="0"/>
						<line number="417" hits="0"/>
						<line number="430" hits="0" branch="true" condition-coverage="0% (0/2)" missing-branches="431,434"/>
						<line number="431" hits="0"/>
						<line number="434" hits="0"/>
						<line number="435" hits="0" branch="true" condition-coverage="0% (0/2)" missing-branches="436,439"/>
						<line number="436" hits="0"/>
						<line number="437" hits="0"/>
						<line number="439" hits="0"/>
						<line number="441" hits="0"/>
						<line number="453" hits="0"/>
						<line number="454" hits="0" branch="true" condition-coverage="0% (0/2)" missing-branches="455,456"/>
						<line number="455" hits="0"/>
						<line number="456" hits="0" branch="true" condition-coverage="0% (0/2)" missing-branches="457,459"/>
						<line number="457" hits="0"/>
						<line number="459" hits="0"/>
						<line number="460" hits="0"/>
						<line number="461" hits="0"/>
						<line number="462" hits="0"/>
						<line number="463" hits="0" branch="true" condition-coverage="0% (0/2)" missing-branches="464,472"/>
						<line number="464" hits="0" branch="true" condition-coverage="0% (0/2)" missing-branches="465,466"/>
						<line number="465" hits="0"/>
						<line number="466" hits="0"/>
						<line number="467" hits="0"/>
						<line number="468" hits="0"/>
						<line number="469" hits="0"/>
						<line number="470" hits="0"/>
						<line number="471" hits="0"/>
						<line number="472" hits="0"/>
						<line number="474" hits="0"/>
						<line number="481" hits="0"/>
						<line number="482" hits="0"/>
						<line number="483" hits="0"/>
						<line number="484" hits="0"/>
						<line number="485" hits="0"/>
						<line number="486" hits="0"/>
						<line number="488" hits="0"/>
						<line number="490" hits="0"/>
						<line number="491" hits="0" branch="true" condition-coverage="0% (0/2)" missing-branches="492,493"/>
						<line number="492" hits="0"/>
						<line number="493" hits="0" branch="true" condition-coverage="0% (0/2)" missing-branches="494,496"/>
						<line number="494" hits="0"/>
						<line number="496" hits="0"/>
						<line number="497" hits="0"/>
						<line number="498" hits="0"/>
						<line number="499" hits="0" branch="true" condition-coverage="0% (0/2)" missing-branches="500,502"/>
						<line number="500" hits="0"/>
						<line number="502" hits="0"/>
						<line number="503" hits="0"/>
						<line number="504" hits="0"/>
						<line number="505" hits="0"/>
						<line number="506" hits="0" branch="true" condition-coverage="0% (0/2)" missing-branches="507,515"/>
						<line number="507" hits="0" branch="true" condition-coverage="0% (0/2)" missing-branches="508,509"/>
						<line number="508" hits="0"/>
						<line number="509" hits="0"/>
						<line number="510" hits="0"/>
						<line number="511" hits="0"/>
						<line number="512" hits="0"/>
						<line number="513" hits="0"/>
						<line number="514" hits="0"/>
						<line number="515" hits="0"/>
						<line number="517" hits="0"/>
						<line number="519" hits="0"/>
						<line number="520" hits="0"/>
						<line number="521" hits="0"/>
						<line number="525" hits="0"/>
						<line number="526" hits="0"/>
						<line number="527" hits="0"/>
						<line number="529" hits="0"/>
						<line number="535" hits="0"/>
						<line number="542" hits="0"/>
						<line number="544" hits="0"/>
						<line number="550" hits="0"/>
						<line number="557" hits="0"/>
[...]
						<line number="597" hits="0" branch="true" condition-coverage="0% (0/2)" missing-branches="598,599"/>
						<line number="598" hits="0"/>
						<line number="599" hits="0" branch="true" condition-coverage="0% (0/2)" missing-branches="600,601"/>
						<line number="600" hits="0"/>
						<line number="601" hits="0" branch="true" condition-coverage="0% (0/2)" missing-branches="602,603"/>
						<line number="602" hits="0"/>
						<line number="603" hits="0"/>
						<line number="611" hits="1"/>
						<line number="620" hits="1"/>
						<line number="649" hits="1" branch="true" condition-coverage="50% (1/2)" missing-branches="658"/>
						<line number="650" hits="1"/>
						<line number="652" hits="1"/>
						<line number="653" hits="1"/>
						<line number="654" hits="1"/>
						<line number="655" hits="1"/>
						<line number="658" hits="1" branch="true" condition-coverage="50% (1/2)" missing-branches="663"/>
						<line number="659" hits="1"/>
						<line number="661" hits="1"/>
						<line number="663" hits="1"/>
						<line number="666" hits="1"/>
						<line number="667" hits="1"/>
						<line number="695" hits="1"/>
						<line number="696" hits="1"/>
						<line number="729" hits="1"/>
						<line number="741" hits="1"/>
						<line number="754" hits="1"/>
						<line number="761" hits="1"/>
						<line number="763" hits="1"/>
						<line number="770" hits="0"/>
						<line number="771" hits="0"/>
						<line number="776" hits="1"/>
						<line number="777" hits="1"/>
						<line number="782" hits="0" branch="true" condition-coverage="0% (0/2)" missing-branches="783,786"/>
						<line number="783" hits="0"/>
						<line number="784" hits="0" branch="true" condition-coverage="0% (0/2)" missing-branches="782,785"/>
						<line number="785" hits="0"/>
						<line number="786" hits="0"/>
						<line number="788" hits="1"/>
						<line number="789" hits="0"/>
						<line number="790" hits="0"/>
						<line number="792" hits="1"/>
						<line number="793" hits="0"/>
						<line number="798" hits="1"/>
						<line number="799" hits="0"/>
						<line number="804" hits="1"/>
						<line number="805" hits="0"/>
						<line number="807" hits="1"/>
						<line number="809" hits="0"/>
						<line number="810" hits="0" branch="true" condition-coverage="0% (0/2)" missing-branches="811,813"/>
						<line number="811" hits="0"/>
						<line number="813" hits="0" branch="true" condition-coverage="0% (0/2)" missing-branches="814,815"/>
						<line number="814" hits="0"/>
						<line number="815" hits="0" branch="true" condition-coverage="0% (0/2)" missing-branches="816,817"/>
						<line number="816" hits="0"/>
						<line number="817" hits="0"/>
						<line number="819" hits="0" branch="true" condition-coverage="0% (0/2)" missing-branches="820,821"/>
						<line number="820" hits="0"/>
						<line number="821" hits="0"/>
						<line number="823" hits="1"/>
						<line number="824" hits="0" branch="true" condition-coverage="0% (0/2)" missing-branches="825,826"/>
						<line number="825" hits="0"/>
						<line number="826" hits="0"/>
						<line number="828" hits="1"/>
						<line number="837" hits="0"/>
						<line number="839" hits="0"/>
						<line number="840" hits="0"/>
						<line number="841" hits="0" branch="true" condition-coverage="0% (0/2)" missing-branches="842,844"/>
						<line number="842" hits="0"/>
						<line number="844" hits="0"/>
						<line number="845" hits="0"/>
						<line number="846" hits="0"/>
						<line number="847" hits="0"/>
						<line number="848" hits="0"/>
						<line number="850" hits="0"/>
						<line number="864" hits="1"/>
						<line number="865" hits="1"/>
						<line number="869" hits="1"/>
						<line number="870" hits="1"/>
						<line number="880" hits="1"/>
						<line number="897" hits="1"/>
						<line number="899" hits="1"/>
						<line number="911" hits="0"/>
						<line number="913" hits="0"/>
						<line number="915" hits="0"/>
						<line number="916" hits="0"/>
						<line number="917" hits="0"/>
						<line number="928" hits="1"/>
						<line number="938" hits="0"/>
						<line number="939" hits="0"/>
						<line number="941" hits="1"/>
						<line number="951" hits="0" branch="true" condition-coverage="0% (0/2)" missing-branches="952,953"/>
						<line number="952" hits="0"/>
						<line number="953" hits="0" branch="true" condition-coverage="0% (0/2)" missing-branches="954,955"/>
						<line number="954" hits="0"/>
						<line number="955" hits="0"/>
						<line number="958" hits="1"/>
						<line number="970" hits="1"/>
						<line number="972" hits="1"/>
						<line number="978" hits="0"/>
						<line number="979" hits="0"/>
						<line number="990" hits="1"/>
						<line number="1000" hits="0"/>
						<line number="1002" hits="0"/>
						<line number="1003" hits="0"/>
						<line number="1004" hits="0" branch="true" condition-coverage="0% (0/2)" missing-branches="1005,1007"/>
						<line number="1005" hits="0"/>
						<line number="1007" hits="0"/>
						<line number="1008" hits="0"/>
						<line number="1010" hits="1"/>
						<line number="1020" hits="0"/>
						<line number="1022" hits="0"/>
						<line number="1023" hits="0" branch="true" condition-coverage="0% (0/2)" missing-branches="1024,1025"/>
						<line number="1024" hits="0"/>
						<line number="1025" hits="0"/>
						<line number="1028" hits="1"/>
						<line number="1040" hits="1"/>
						<line number="1042" hits="1"/>
						<line number="1048" hits="0"/>
						<line number="1049" hits="0"/>
						<line number="1060" hits="1"/>
						<line number="1070" hits="0"/>
						<line number="1071" hits="0"/>
						<line number="1073" hits="1"/>
						<line number="1083" hits="0" branch="true" condition-coverage="0% (0/2)" missing-branches="1084,1087"/>
						<line number="1084" hits="0" branch="true" condition-coverage="0% (0/2)" missing-branches="1085,1086"/>
						<line number="1085" hits="0"/>
						<line number="1086" hits="0"/>
						<line number="1087" hits="0"/>
						<line number="1094" hits="1"/>
						<line number="1095" hits="1"/>
						<line number="1096" hits="1"/>
						<line number="1099" hits="1"/>
						<line number="1107" hits="0" branch="true" condition-coverage="0% (0/2)" missing-branches="1108,1109"/>
						<line number="1108" hits="0"/>
						<line number="1109" hits="0" branch="true" condition-coverage="0% (0/2)" missing-branches="1110,1111"/>
						<line number="1110" hits="0"/>
						<line number="1111" hits="0"/>
						<line number="1114" hits="1"/>
						<line number="1123" hits="0" branch="true" condition-coverage="0% (0/2)" missing-branches="1124,1125"/>
						<line number="1124" hits="0"/>
						<line number="1125" hits="0" branch="true" condition-coverage="0% (0/2)" missing-branches="1126,1127"/>
						<line number="1126" hits="0"/>
						<line number="1127" hits="0"/>
						<line number="1130" hits="1"/>
						<line number="1160" hits="0" branch="true" condition-coverage="0% (0/2)" missing-branches="1161,1168"/>
						<line number="1161" hits="0"/>
						<line number="1162" hits="0" branch="true" condition-coverage="0% (0/2)" missing-branches="1163,1164"/>
						<line number="1163" hits="0"/>
						<line number="1164" hits="0"/>
						<line number="1168" hits="0"/>
						<line number="1169" hits="0"/>
						<line number="1170" hits="0"/>
						<line number="1172" hits="0"/>
						<line number="1174" hits="0"/>
						<line number="1175" hits="0" branch="true" condition-coverage="0% (0/2)" missing-branches="1176,1177"/>
						<line number="1176" hits="0"/>
						<line number="1177" hits="0"/>
						<line number="1209" hits="1"/>
						<line number="1249" hits="0"/>
						<line number="1250" hits="0"/>
						<line number="1253" hits="1"/>
						<line number="1271" hits="0"/>
						<line number="1272" hits="0"/>
						<line number="1275" hits="1"/>
						<line number="1292" hits="0" branch="true" condition-coverage="0% (0/2)" missing-branches="1293,1294"/>
						<line number="1293" hits="0"/>
						<line number="1294" hits="0" branch="true" condition-coverage="0% (0/2)" missing-branches="1295,1296"/>
						<line number="1295" hits="0"/>
						<line number="1296" hits="0" branch="true" condition-coverage="0% (0/2)" missing-branches="1297,1298"/>
						<line number="1297" hits="0"/>
						<line number="1298" hits="0" branch="true" condition-coverage="0% (0/2)" missing-branches="1299,1300"/>
						<line number="1299" hits="0"/>
						<line number="1300" hits="0" branch="true" condition-coverage="0% (0/2)" missing-branches="1301,1302"/>
						<line number="1301" hits="0"/>
						<line number="1302" hits="0" branch="true" condition-coverage="0% (0/2)" missing-branches="1303,1304"/>
						<line number="1303" hits="0"/>
						<line number="1304" hits="0" branch="true" condition-coverage="0% (0/2)" missing-branches="1305,1306"/>
						<line number="1305" hits="0"/>
						<line number="1306" hits="0" branch="true" condition-coverage="0% (0/2)" missing-branches="1307,1309"/>
						<line number="1307" hits="0"/>
						<line number="1308" hits="0"/>
						<line number="1309" hits="0"/>
						<line number="1312" hits="1"/>
						<line number="1317" hits="0" branch="true" condition-coverage="0% (0/2)" missing-branches="1318,1321"/>
						<line number="1318" hits="0"/>
						<line number="1319" hits="0"/>
						<line number="1321" hits="0" branch="true" condition-coverage="0% (0/2)" missing-branches="1322,1325"/>
						<line number="1322" hits="0"/>
						<line number="1325" hits="0"/>
						<line number="1326" hits="0"/>
						<line number="1329" hits="0" branch="true" condition-coverage="0% (0/2)" missing-branches="1330,1332"/>
						<line number="1330" hits="0"/>
						<line number="1332" hits="0"/>
						<line number="1335" hits="1"/>
						<line number="1344" hits="0"/>
						<line number="1345" hits="0"/>
						<line number="1347" hits="0" branch="true" condition-coverage="0% (0/2)" missing-branches="1348,1349"/>
						<line number="1348" hits="0"/>
						<line number="1349" hits="0" branch="true" condition-coverage="0% (0/2)" missing-branches="1350,1351"/>
						<line number="1350" hits="0"/>
						<line number="1351" hits="0" branch="true" condition-coverage="0% (0/2)" missing-branches="1352,1353"/>
						<line number="1352" hits="0"/>
						<line number="1353" hits="0" branch="true" condition-coverage="0% (0/2)" missing-branches="1354,1355"/>
						<line number="1354" hits="0"/>
						<line number="1355" hits="0" branch="true" condition-coverage="0% (0/2)" missing-branches="1356,1357"/>
						<line number="1356" hits="0"/>
						<line number="1357" hits="0" branch="true" condition-coverage="0% (0/2)" missing-branches="1358,1359"/>
						<line number="1358" hits="0"/>
						<line number="1359" hits="0" branch="true" condition-coverage="0% (0/2)" missing-branches="1360,1361"/>
						<line number="1360" hits="0"/>
						<line number="1361" hits="0" branch="true" condition-coverage="0% (0/2)" missing-branches="1362,1364"/>
						<line number="1362" hits="0"/>
						<line number="1364" hits="0"/>
					</lines>
				</class>
				<class name="singleton.py" filename="utils/singleton.py" complexity="0" line-rate="1" branch-rate="1">
					<methods/>
					<lines>
						<line number="1" hits="1"/>
						<line number="3" hits="1"/>
						<line number="6" hits="1"/>
						<line number="10" hits="1"/>
						<line number="12" hits="1"/>
						<line number="24" hits="1" branch="true" condition-coverage="100% (2/2)"/>
						<line number="26" hits="1"/>
						<line number="27" hits="1"/>
						<line number="32" hits="1"/>
					</lines>
				</class>
				<class name="sync_tools.py" filename="utils/sync_tools.py" complexity="0" line-rate="0.9085" branch-rate="0.8333">
					<methods/>
					<lines>
						<line number="9" hits="1"/>
						<line number="10" hits="1"/>
						<line number="11" hits="1"/>
						<line number="12" hits="1"/>
						<line number="13" hits="1"/>
						<line number="14" hits="1"/>
						<line number="15" hits="1"/>
						<line number="16" hits="1"/>
						<line number="18" hits="1"/>
						<line number="24" hits="1"/>
						<line number="25" hits="1"/>
						<line number="30" hits="1"/>
						<line number="36" hits="1"/>
						<line number="38" hits="1"/>
						<line number="39" hits="1"/>
						<line number="43" hits="1"/>
						<line number="46" hits="1"/>
						<line number="52" hits="1"/>
						<line number="53" hits="1"/>
						<line number="54" hits="1"/>
						<line number="55" hits="1"/>
						<line number="56" hits="1"/>
						<line number="57" hits="1"/>
						<line number="60" hits="1"/>
						<line number="61" hits="1"/>
						<line number="62" hits="1"/>
						<line number="65" hits="1"/>
						<line number="69" hits="1"/>
						<line number="72" hits="1"/>
						<line number="78" hits="0"/>
						<line number="79" hits="0"/>
						<line number="80" hits="0"/>
						<line number="81" hits="0"/>
						<line number="82" hits="0"/>
						<line number="85" hits="1"/>
						<line number="88" hits="1"/>
						<line number="94" hits="1"/>
						<line number="95" hits="1"/>
						<line number="97" hits="1"/>
						<line number="98" hits="1"/>
						<line number="100" hits="1" branch="true" condition-coverage="100% (2/2)"/>
						<line number="101" hits="1"/>
						<line number="102" hits="1"/>
						<line number="104" hits="1"/>
						<line number="106" hits="1"/>
						<line number="108" hits="1"/>
						<line number="110" hits="1"/>
						<line number="112" hits="1"/>
						<line number="113" hits="1"/>
						<line number="115" hits="1" branch="true" condition-coverage="100% (2/2)"/>
						<line number="116" hits="1"/>
						<line number="117" hits="1"/>
						<line number="119" hits="1"/>
						<line number="120" hits="1"/>
						<line number="121" hits="1"/>
						<line number="122" hits="1"/>
						<line number="124" hits="1"/>
						<line number="126" hits="1"/>
						<line number="128" hits="1"/>
						<line number="135" hits="1"/>
						<line number="138" hits="1"/>
						<line number="141" hits="1"/>
						<line number="151" hits="1"/>
						<line number="152" hits="1"/>
						<line number="153" hits="1"/>
						<line number="154" hits="1"/>
						<line number="155" hits="1"/>
						<line number="156" hits="1"/>
						<line number="157" hits="1"/>
						<line number="159" hits="1" branch="true" condition-coverage="100% (2/2)"/>
						<line number="160" hits="1" branch="true" condition-coverage="50% (1/2)" missing-branches="167"/>
						<line number="161" hits="1"/>
						<line number="163" hits="1"/>
						<line number="164" hits="1"/>
						<line number="165" hits="1"/>
						<line number="167" hits="0"/>
						<line number="168" hits="1" branch="true" condition-coverage="100% (2/2)"/>
						<line number="169" hits="1"/>
						<line number="170" hits="1"/>
						<line number="172" hits="1"/>
						<line number="175" hits="1"/>
						<line number="189" hits="1"/>
						<line number="190" hits="1"/>
						<line number="191" hits="1"/>
						<line number="192" hits="1"/>
						<line number="193" hits="1"/>
						<line number="194" hits="1"/>
						<line number="195" hits="1" branch="true" condition-coverage="100% (2/2)"/>
						<line number="196" hits="1"/>
						<line number="197" hits="1"/>
						<line number="198" hits="1"/>
						<line number="200" hits="1" branch="true" condition-coverage="100% (2/2)"/>
						<line number="201" hits="1"/>
						<line number="202" hits="1"/>
						<line number="203" hits="0"/>
						<line number="204" hits="0"/>
						<line number="206" hits="1" branch="true" condition-coverage="50% (1/2)" missing-branches="215"/>
						<line number="211" hits="1"/>
						<line number="212" hits="1" branch="true" condition-coverage="100% (2/2)"/>
						<line number="213" hits="1"/>
						<line number="214" hits="1"/>
						<line number="215" hits="0"/>
						<line number="216" hits="0"/>
						<line number="217" hits="1" branch="true" condition-coverage="50% (1/2)" missing-branches="220"/>
						<line number="218" hits="1"/>
						<line number="219" hits="1"/>
						<line number="220" hits="0"/>
						<line number="222" hits="1"/>
						<line number="225" hits="1"/>
						<line number="238" hits="1"/>
						<line number="239" hits="1"/>
						<line number="240" hits="1"/>
						<line number="241" hits="1"/>
						<line number="242" hits="1"/>
						<line number="243" hits="1"/>
						<line number="245" hits="1"/>
						<line number="248" hits="1"/>
						<line number="259" hits="1" branch="true" condition-coverage="100% (2/2)"/>
						<line number="260" hits="1"/>
						<line number="262" hits="1"/>
						<line number="263" hits="1"/>
						<line number="264" hits="1"/>
						<line number="265" hits="1" branch="true" condition-coverage="100% (2/2)"/>
						<line number="266" hits="1"/>
						<line number="268" hits="1"/>
						<line number="270" hits="1"/>
						<line number="271" hits="1"/>
						<line number="272" hits="1" branch="true" condition-coverage="50% (1/2)" missing-branches="273"/>
						<line number="273" hits="0"/>
						<line number="275" hits="0"/>
						<line number="277" hits="0"/>
						<line number="278" hits="1"/>
						<line number="280" hits="1"/>
						<line number="283" hits="1"/>
						<line number="284" hits="1"/>
						<line number="285" hits="1"/>
						<line number="286" hits="1"/>
						<line number="288" hits="1"/>
						<line number="291" hits="1"/>
						<line number="292" hits="1"/>
						<line number="294" hits="1"/>
						<line number="296" hits="1"/>
						<line number="297" hits="1"/>
						<line number="298" hits="1"/>
						<line number="300" hits="1"/>
						<line number="301" hits="1"/>
						<line number="303" hits="1"/>
						<line number="310" hits="1" branch="true" condition-coverage="50% (1/2)" missing-branches="312"/>
						<line number="312" hits="0"/>
						<line number="314" hits="1"/>
						<line number="315" hits="1"/>
						<line number="317" hits="1"/>
						<line number="318" hits="1"/>
						<line number="319" hits="1"/>
						<line number="322" hits="1"/>
						<line number="323" hits="1"/>
						<line number="325" hits="1"/>
						<line number="326" hits="1"/>
						<line number="329" hits="1"/>
						<line number="330" hits="1"/>
						<line number="333" hits="1"/>
						<line number="344" hits="1" branch="true" condition-coverage="100% (2/2)"/>
						<line number="345" hits="1"/>
						<line number="346" hits="1"/>
					</lines>
				</class>
				<class name="text.py" filename="utils/text.py" complexity="0" line-rate="0.8095" branch-rate="0.6667">
					<methods/>
					<lines>
						<line number="3" hits="1"/>
						<line number="4" hits="1"/>
						<line number="5" hits="1"/>
						<line number="6" hits="1"/>
						<line number="8" hits="1"/>
						<line number="14" hits="1"/>
						<line number="28" hits="1" branch="true" condition-coverage="50% (1/2)" missing-branches="29"/>
						<line number="29" hits="0"/>
						<line number="30" hits="0"/>
						<line number="31" hits="1"/>
						<line number="34" hits="1"/>
						<line number="51" hits="1" branch="true" condition-coverage="50% (1/2)" missing-branches="52"/>
						<line number="52" hits="0"/>
						<line number="54" hits="1"/>
						<line number="55" hits="1"/>
						<line number="56" hits="1" branch="true" condition-coverage="100% (2/2)"/>
						<line number="57" hits="1"/>
						<line number="58" hits="1"/>
						<line number="61" hits="1"/>
						<line number="62" hits="1"/>
						<line number="71" hits="0"/>
					</lines>
				</class>
			</classes>
		</package>
	</packages>
</coverage>
