<?xml version="1.0" encoding="utf-8"?><testsuites name="pytest tests"><testsuite name="pytest" errors="0" failures="0" skipped="0" tests="56" time="8.857" timestamp="2026-07-02T12:20:42.553586-03:00" hostname="DESKTOP-GFQVJ2I"><testcase classname="tests.unit.test_utils.test_click" name="test_plain_click_alias_resolution" time="0.128" /><testcase classname="tests.unit.test_utils.test_click" name="test_plain_click_resolve_command_returns_canonical" time="0.008" /><testcase classname="tests.unit.test_utils.test_click" name="test_old_rich_click_uses_aliased_group" time="0.007" /><testcase classname="tests.unit.test_utils.test_click" name="test_new_rich_click_prefers_rich_group" time="0.011" /><testcase classname="tests.unit.test_utils.test_click" name="test_command_wrapper_stores_aliases_on_plain_click" time="0.006" /><testcase classname="tests.unit.test_utils.test_click" name="test_parent_group_resolves_child_aliases_plain_click" time="0.006" /><testcase classname="tests.unit.test_utils.test_click" name="test_parent_group_resolves_child_aliases_old_rich_click" time="0.005" /><testcase classname="tests.unit.test_utils.test_click" name="test_alias_collision_last_wins" time="0.008" /><testcase classname="tests.unit.test_utils.test_click" name="test_non_aliased_command_lookup_still_works" time="0.008" /><testcase classname="tests.unit.test_utils.test_click" name="test_new_rich_click_child_with_plain_click_parent" time="0.004" /><testcase classname="tests.unit.test_utils.test_click" name="test_command_name_not_added_to_own_alias_mapping" time="0.007" /><testcase classname="tests.unit.test_utils.test_dependencies" name="test_field_name_type_is_named_tuple_with_default_type_hint" time="0.001" /><testcase classname="tests.unit.test_utils.test_dependencies" name="test_filter_config_allows_empty_config" time="0.000" /><testcase classname="tests.unit.test_utils.test_dependencies" name="test_make_hashable_dict_order_invariant" time="0.009" /><testcase classname="tests.unit.test_utils.test_dependencies" name="test_make_hashable_nested_values" time="0.002" /><testcase classname="tests.unit.test_utils.test_dependencies" name="test_make_hashable_set_order_invariant" time="0.001" /><testcase classname="tests.unit.test_utils.test_dependencies" name="test_make_hashable_preserves_list_order" time="0.001" /><testcase classname="tests.unit.test_utils.test_dependencies" name="test_normalize_sort_field_preserves_list_order" time="0.001" /><testcase classname="tests.unit.test_utils.test_dependencies" name="test_normalize_sort_field_sorts_set_values" time="0.000" /><testcase classname="tests.unit.test_utils.test_dependencies" name="test_normalize_choice_field_types_supports_explicit_values" time="0.005" /><testcase classname="tests.unit.test_utils.test_dependencies" name="test_normalize_choice_field_types_supports_explicit_value_tuples" time="0.001" /><testcase classname="tests.unit.test_utils.test_dependencies" name="test_normalize_choice_field_types_supports_type_hint_tuples" time="0.000" /><testcase classname="tests.unit.test_utils.test_dependencies" name="test_normalize_choice_field_types_preserves_list_order" time="0.001" /><testcase classname="tests.unit.test_utils.test_dependencies" name="test_dependency_cache_singleton" time="0.001" /><testcase classname="tests.unit.test_utils.test_dependencies" name="test_dependency_cache_add_get_dependencies" time="0.001" /><testcase classname="tests.unit.test_utils.test_dependencies" name="test_dependency_cache_get_set_by_config" time="0.001" /><testcase classname="tests.unit.test_utils.test_module_loader" name="test_import_string" time="0.011" /><testcase classname="tests.unit.test_utils.test_module_loader" name="test_module_path" time="0.010" /><testcase classname="tests.unit.test_utils.test_module_loader" name="test_import_non_existing_attribute_raises" time="0.001" /><testcase classname="tests.unit.test_utils.test_module_loader" name="test_import_string_cached" time="0.020" /><testcase classname="tests.unit.test_utils.test_portals" name="test_portal_provider_singleton" time="0.009" /><testcase classname="tests.unit.test_utils.test_portals" name="test_portal_provider_start_stop" time="0.006" /><testcase classname="tests.unit.test_utils.test_portals" name="test_portal_provider_call" time="0.123" /><testcase classname="tests.unit.test_utils.test_portals" name="test_portal_provider_call_exception" time="0.002" /><testcase classname="tests.unit.test_utils.test_portals" name="test_portal_call" time="0.107" /><testcase classname="tests.unit.test_utils.test_sync_tools" name="test_ensure_async_" time="0.003" /><testcase classname="tests.unit.test_utils.test_sync_tools" name="test_with_ensure_async_" time="0.004" /><testcase classname="tests.unit.test_utils.test_sync_tools" name="test_capacity_limiter" time="0.002" /><testcase classname="tests.unit.test_utils.test_sync_tools" name="test_run_" time="0.004" /><testcase classname="tests.unit.test_utils.test_sync_tools" name="test_await_" time="0.003" /><testcase classname="tests.unit.test_utils.test_sync_tools" name="test_async_" time="0.004" /><testcase classname="tests.unit.test_utils.test_sync_tools" name="test_capacity_limiter_setter" time="0.001" /><testcase classname="tests.unit.test_utils.test_sync_tools" name="test_capacity_limiter_release_without_acquire" time="0.001" /><testcase classname="tests.unit.test_utils.test_sync_tools" name="test_run_with_running_loop" time="0.002" /><testcase classname="tests.unit.test_utils.test_sync_tools" name="test_run_with_uvloop" time="0.001" /><testcase classname="tests.unit.test_utils.test_sync_tools" name="test_await_no_loop_raises" time="0.001" /><testcase classname="tests.unit.test_utils.test_sync_tools" name="test_await_in_async_task" time="0.001" /><testcase classname="tests.unit.test_utils.test_sync_tools" name="test_await_non_running_loop" time="0.001" /><testcase classname="tests.unit.test_utils.test_sync_tools" name="test_ensure_async_identity" time="0.001" /><testcase classname="tests.unit.test_utils.test_sync_tools" name="test_ensure_async_awaitable" time="0.001" /><testcase classname="tests.unit.test_utils.test_sync_tools" name="test_ensure_async_non_awaitable" time="0.001" /><testcase classname="tests.unit.test_utils.test_sync_tools" name="test_context_manager_wrapper_exceptions" time="0.002" /><testcase classname="tests.unit.test_utils.test_sync_tools" name="test_with_ensure_async_identity" time="0.001" /><testcase classname="tests.unit.test_utils.test_sync_tools" name="test_async_with_custom_limiter" time="0.002" /><testcase classname="tests.unit.test_utils.test_text" name="test_check_email" time="0.002" /><testcase classname="tests.unit.test_utils.test_text" name="test_slugify" time="0.002" /></testsuite></testsuites>